{"numTotalTestSuites":377,"numPassedTestSuites":377,"numFailedTestSuites":0,"numPendingTestSuites":0,"numTotalTests":771,"numPassedTests":769,"numFailedTests":0,"numPendingTests":2,"numTodoTests":0,"snapshot":{"added":0,"failure":false,"filesAdded":0,"filesRemoved":0,"filesRemovedList":[],"filesUnmatched":0,"filesUpdated":0,"matched":0,"total":0,"unchecked":0,"uncheckedKeysByFile":[],"unmatched":0,"updated":0,"didUpdate":false},"startTime":1766117611026,"success":true,"testResults":[{"assertionResults":[{"ancestorTitles":["Flujo Completo: Enrollment + Login","Flujo de Enrollment Exitoso"],"fullName":"Flujo Completo: Enrollment + Login Flujo de Enrollment Exitoso PASO 1: Debe iniciar enrollment y retornar challenge WebAuthn","status":"passed","title":"PASO 1: Debe iniciar enrollment y retornar challenge WebAuthn","duration":3.751201000000009,"failureMessages":[],"meta":{}},{"ancestorTitles":["Flujo Completo: Enrollment + Login","Flujo de Enrollment Exitoso"],"fullName":"Flujo Completo: Enrollment + Login Flujo de Enrollment Exitoso PASO 2: Debe finalizar enrollment y registrar dispositivo","status":"passed","title":"PASO 2: Debe finalizar enrollment y registrar dispositivo","duration":1.1088950000000182,"failureMessages":[],"meta":{}},{"ancestorTitles":["Flujo Completo: Enrollment + Login","Flujo de Enrollment Exitoso"],"fullName":"Flujo Completo: Enrollment + Login Flujo de Enrollment Exitoso PASO 3: Debe generar session_key único durante enrollment","status":"passed","title":"PASO 3: Debe generar session_key único durante enrollment","duration":0.9189639999999883,"failureMessages":[],"meta":{}},{"ancestorTitles":["Flujo Completo: Enrollment + Login","Flujo de Enrollment Exitoso"],"fullName":"Flujo Completo: Enrollment + Login Flujo de Enrollment Exitoso ERROR: Debe lanzar error cuando falla la verificación de WebAuthn (catch block)","status":"passed","title":"ERROR: Debe lanzar error cuando falla la verificación de WebAuthn (catch block)","duration":1.460238000000004,"failureMessages":[],"meta":{}},{"ancestorTitles":["Flujo Completo: Enrollment + Login","Flujo de Enrollment Exitoso"],"fullName":"Flujo Completo: Enrollment + Login Flujo de Enrollment Exitoso ERROR: Debe lanzar error cuando verified=false","status":"passed","title":"ERROR: Debe lanzar error cuando verified=false","duration":0.7357259999999997,"failureMessages":[],"meta":{}},{"ancestorTitles":["Flujo Completo: Enrollment + Login","Flujo de Enrollment Exitoso"],"fullName":"Flujo Completo: Enrollment + Login Flujo de Enrollment Exitoso ERROR: Debe lanzar CHALLENGE_NOT_FOUND cuando no existe challenge","status":"passed","title":"ERROR: Debe lanzar CHALLENGE_NOT_FOUND cuando no existe challenge","duration":1.9859830000000045,"failureMessages":[],"meta":{}},{"ancestorTitles":["Flujo Completo: Enrollment + Login","Flujo de Enrollment Exitoso"],"fullName":"Flujo Completo: Enrollment + Login Flujo de Enrollment Exitoso ERROR: Debe lanzar CHALLENGE_EXPIRED cuando el challenge ha expirado","status":"passed","title":"ERROR: Debe lanzar CHALLENGE_EXPIRED cuando el challenge ha expirado","duration":0.6122569999999996,"failureMessages":[],"meta":{}},{"ancestorTitles":["Flujo Completo: Enrollment + Login","Flujo de Enrollment Exitoso"],"fullName":"Flujo Completo: Enrollment + Login Flujo de Enrollment Exitoso ERROR: Debe manejar error sin message (Unknown error)","status":"passed","title":"ERROR: Debe manejar error sin message (Unknown error)","duration":0.5799199999999871,"failureMessages":[],"meta":{}},{"ancestorTitles":["Flujo Completo: Enrollment + Login","Flujo de Enrollment Exitoso"],"fullName":"Flujo Completo: Enrollment + Login Flujo de Enrollment Exitoso ERROR: Debe lanzar error cuando AAGUID no está autorizado","status":"passed","title":"ERROR: Debe lanzar error cuando AAGUID no está autorizado","duration":0.5825570000000084,"failureMessages":[],"meta":{}},{"ancestorTitles":["Flujo Completo: Enrollment + Login","Flujo de Login ECDH Exitoso"],"fullName":"Flujo Completo: Enrollment + Login Flujo de Login ECDH Exitoso PASO 1: Debe establecer sesión con ECDH key exchange","status":"passed","title":"PASO 1: Debe establecer sesión con ECDH key exchange","duration":0.8595359999999914,"failureMessages":[],"meta":{}},{"ancestorTitles":["Flujo Completo: Enrollment + Login","Flujo de Login ECDH Exitoso"],"fullName":"Flujo Completo: Enrollment + Login Flujo de Login ECDH Exitoso PASO 2: Debe guardar nueva session_key en cada login","status":"passed","title":"PASO 2: Debe guardar nueva session_key en cada login","duration":0.5675150000000144,"failureMessages":[],"meta":{}},{"ancestorTitles":["Flujo Completo: Enrollment + Login","Flujo de Login ECDH Exitoso"],"fullName":"Flujo Completo: Enrollment + Login Flujo de Login ECDH Exitoso PASO 3: Debe generar diferentes session_keys en logins consecutivos","status":"passed","title":"PASO 3: Debe generar diferentes session_keys en logins consecutivos","duration":0.7162840000000017,"failureMessages":[],"meta":{}},{"ancestorTitles":["Flujo Completo: Enrollment + Login","Flujo de Login ECDH Exitoso"],"fullName":"Flujo Completo: Enrollment + Login Flujo de Login ECDH Exitoso PASO 4: Debe fallar login con credentialId incorrecto","status":"passed","title":"PASO 4: Debe fallar login con credentialId incorrecto","duration":0.5671559999999829,"failureMessages":[],"meta":{}},{"ancestorTitles":["Flujo Completo: Enrollment + Login","Flujo de Login ECDH Exitoso"],"fullName":"Flujo Completo: Enrollment + Login Flujo de Login ECDH Exitoso PASO 5: Debe fallar login si el dispositivo fue revocado","status":"passed","title":"PASO 5: Debe fallar login si el dispositivo fue revocado","duration":0.5071750000000179,"failureMessages":[],"meta":{}},{"ancestorTitles":["Flujo Completo: Enrollment + Login","Validaciones de Seguridad"],"fullName":"Flujo Completo: Enrollment + Login Validaciones de Seguridad Debe rechazar login de dispositivo de otro usuario","status":"passed","title":"Debe rechazar login de dispositivo de otro usuario","duration":1.766258999999991,"failureMessages":[],"meta":{}},{"ancestorTitles":["Flujo Completo: Enrollment + Login","Validaciones de Seguridad"],"fullName":"Flujo Completo: Enrollment + Login Validaciones de Seguridad Debe manejar correctamente userId como string (BUG-002)","status":"passed","title":"Debe manejar correctamente userId como string (BUG-002)","duration":0.5166010000000085,"failureMessages":[],"meta":{}},{"ancestorTitles":["Flujo Completo: Enrollment + Login","Start Enrollment con dispositivos existentes (excludeCredentials)"],"fullName":"Flujo Completo: Enrollment + Login Start Enrollment con dispositivos existentes (excludeCredentials) Debe incluir dispositivos existentes en excludeCredentials para evitar re-registro","status":"passed","title":"Debe incluir dispositivos existentes en excludeCredentials para evitar re-registro","duration":1.8725750000000119,"failureMessages":[],"meta":{}}],"startTime":1766117611216,"endTime":1766117611234.8726,"status":"passed","message":"","name":"/var/www/html/hawaii/asistencia/node-service/src/backend/__tests__/enrollment-login-flow.integration.test.ts"},{"assertionResults":[{"ancestorTitles":["AccessGatewayService","getState"],"fullName":"AccessGatewayService getState returns BLOCKED when user has active restrictions","status":"passed","title":"returns BLOCKED when user has active restrictions","duration":2.288268000000002,"failureMessages":[],"meta":{}},{"ancestorTitles":["AccessGatewayService","getState"],"fullName":"AccessGatewayService getState returns NOT_ENROLLED when user has no active device (REQUIRES_ENROLLMENT)","status":"passed","title":"returns NOT_ENROLLED when user has no active device (REQUIRES_ENROLLMENT)","duration":0.49575699999999756,"failureMessages":[],"meta":{}},{"ancestorTitles":["AccessGatewayService","getState"],"fullName":"AccessGatewayService getState returns NOT_ENROLLED with message when user violates 1:1 policy (REQUIRES_REENROLLMENT)","status":"passed","title":"returns NOT_ENROLLED with message when user violates 1:1 policy (REQUIRES_REENROLLMENT)","duration":0.505825999999999,"failureMessages":[],"meta":{}},{"ancestorTitles":["AccessGatewayService","getState"],"fullName":"AccessGatewayService getState returns ENROLLED_NO_SESSION when user has device but no session (ACCESS_GRANTED)","status":"passed","title":"returns ENROLLED_NO_SESSION when user has device but no session (ACCESS_GRANTED)","duration":0.5348240000000004,"failureMessages":[],"meta":{}},{"ancestorTitles":["AccessGatewayService","getState"],"fullName":"AccessGatewayService getState returns READY when user has active session (ACCESS_GRANTED + session)","status":"passed","title":"returns READY when user has active session (ACCESS_GRANTED + session)","duration":0.3901209999999935,"failureMessages":[],"meta":{}},{"ancestorTitles":["AccessGatewayService","getState"],"fullName":"AccessGatewayService getState passes deviceFingerprint to orchestrator for 1:1 validation","status":"passed","title":"passes deviceFingerprint to orchestrator for 1:1 validation","duration":0.226397999999989,"failureMessages":[],"meta":{}},{"ancestorTitles":["AccessGatewayService","getState"],"fullName":"AccessGatewayService getState includes device info when ACCESS_GRANTED","status":"passed","title":"includes device info when ACCESS_GRANTED","duration":0.2543840000000017,"failureMessages":[],"meta":{}},{"ancestorTitles":["AccessGatewayService","getState"],"fullName":"AccessGatewayService getState does not include message when state is not BLOCKED","status":"passed","title":"does not include message when state is not BLOCKED","duration":0.18559199999999976,"failureMessages":[],"meta":{}},{"ancestorTitles":["AccessGatewayService","idempotence"],"fullName":"AccessGatewayService idempotence returns same result for same user state","status":"passed","title":"returns same result for same user state","duration":0.2514749999999992,"failureMessages":[],"meta":{}}],"startTime":1766117615957,"endTime":1766117615962.2515,"status":"passed","message":"","name":"/var/www/html/hawaii/asistencia/node-service/src/backend/access/__tests__/access-gateway.service.test.ts"},{"assertionResults":[{"ancestorTitles":["AccessStateController","Validaciones de entrada"],"fullName":"AccessStateController Validaciones de entrada debería retornar 401 si no hay usuario autenticado","status":"passed","title":"debería retornar 401 si no hay usuario autenticado","duration":2.2238729999999975,"failureMessages":[],"meta":{}},{"ancestorTitles":["AccessStateController","Validaciones de entrada"],"fullName":"AccessStateController Validaciones de entrada debería retornar 400 si falta deviceFingerprint","status":"passed","title":"debería retornar 400 si falta deviceFingerprint","duration":0.3792720000000003,"failureMessages":[],"meta":{}},{"ancestorTitles":["AccessStateController","Validaciones de entrada"],"fullName":"AccessStateController Validaciones de entrada debería retornar 400 si deviceFingerprint es undefined","status":"passed","title":"debería retornar 400 si deviceFingerprint es undefined","duration":0.3010540000000077,"failureMessages":[],"meta":{}},{"ancestorTitles":["AccessStateController","Casos de éxito - estados del sistema"],"fullName":"AccessStateController Casos de éxito - estados del sistema debería retornar estado BLOCKED si usuario está bloqueado","status":"passed","title":"debería retornar estado BLOCKED si usuario está bloqueado","duration":0.39747799999999245,"failureMessages":[],"meta":{}},{"ancestorTitles":["AccessStateController","Casos de éxito - estados del sistema"],"fullName":"AccessStateController Casos de éxito - estados del sistema debería retornar estado NOT_ENROLLED con action=enroll","status":"passed","title":"debería retornar estado NOT_ENROLLED con action=enroll","duration":0.29930899999999383,"failureMessages":[],"meta":{}},{"ancestorTitles":["AccessStateController","Casos de éxito - estados del sistema"],"fullName":"AccessStateController Casos de éxito - estados del sistema debería retornar estado ENROLLED_NO_SESSION con action=login y device","status":"passed","title":"debería retornar estado ENROLLED_NO_SESSION con action=login y device","duration":0.27660399999999186,"failureMessages":[],"meta":{}},{"ancestorTitles":["AccessStateController","Casos de éxito - estados del sistema"],"fullName":"AccessStateController Casos de éxito - estados del sistema debería retornar estado READY con action=scan y device","status":"passed","title":"debería retornar estado READY con action=scan y device","duration":0.2734389999999962,"failureMessages":[],"meta":{}},{"ancestorTitles":["AccessStateController","Casos de éxito - estados del sistema"],"fullName":"AccessStateController Casos de éxito - estados del sistema debería retornar estado NOT_ENROLLED con mensaje de re-enrollment","status":"passed","title":"debería retornar estado NOT_ENROLLED con mensaje de re-enrollment","duration":0.26967100000000244,"failureMessages":[],"meta":{}},{"ancestorTitles":["AccessStateController","Manejo de errores internos"],"fullName":"AccessStateController Manejo de errores internos debería retornar 500 si el servicio lanza error","status":"passed","title":"debería retornar 500 si el servicio lanza error","duration":3.2661659999999983,"failureMessages":[],"meta":{}},{"ancestorTitles":["AccessStateController","Manejo de errores internos"],"fullName":"AccessStateController Manejo de errores internos debería retornar 500 si el servicio lanza error genérico","status":"passed","title":"debería retornar 500 si el servicio lanza error genérico","duration":0.503532000000007,"failureMessages":[],"meta":{}}],"startTime":1766117617168,"endTime":1766117617176.5034,"status":"passed","message":"","name":"/var/www/html/hawaii/asistencia/node-service/src/backend/access/__tests__/access-state.controller.test.ts"},{"assertionResults":[{"ancestorTitles":["AttendancePersistenceService","saveValidationAttempt()"],"fullName":"AttendancePersistenceService saveValidationAttempt() debería crear y completar una nueva validación","status":"passed","title":"debería crear y completar una nueva validación","duration":3.0392789999999934,"failureMessages":[],"meta":{}},{"ancestorTitles":["AttendancePersistenceService","saveValidationAttempt()"],"fullName":"AttendancePersistenceService saveValidationAttempt() debería completar una validación existente (sin crear nueva)","status":"passed","title":"debería completar una validación existente (sin crear nueva)","duration":0.567181000000005,"failureMessages":[],"meta":{}},{"ancestorTitles":["AttendancePersistenceService","saveValidationAttempt()"],"fullName":"AttendancePersistenceService saveValidationAttempt() NO debería fallar si sessionId no es numérico","status":"passed","title":"NO debería fallar si sessionId no es numérico","duration":1.1266580000000062,"failureMessages":[],"meta":{}},{"ancestorTitles":["AttendancePersistenceService","saveValidationAttempt()"],"fullName":"AttendancePersistenceService saveValidationAttempt() NO debería fallar si no existe registración","status":"passed","title":"NO debería fallar si no existe registración","duration":0.3928360000000026,"failureMessages":[],"meta":{}},{"ancestorTitles":["AttendancePersistenceService","saveAttendanceResult()"],"fullName":"AttendancePersistenceService saveAttendanceResult() debería guardar resultado PRESENT con certeza alta","status":"passed","title":"debería guardar resultado PRESENT con certeza alta","duration":0.486463999999998,"failureMessages":[],"meta":{}},{"ancestorTitles":["AttendancePersistenceService","saveAttendanceResult()"],"fullName":"AttendancePersistenceService saveAttendanceResult() debería guardar resultado DOUBTFUL con certeza media","status":"passed","title":"debería guardar resultado DOUBTFUL con certeza media","duration":0.35644599999999116,"failureMessages":[],"meta":{}},{"ancestorTitles":["AttendancePersistenceService","saveAttendanceResult()"],"fullName":"AttendancePersistenceService saveAttendanceResult() debería guardar resultado ABSENT con certeza baja","status":"passed","title":"debería guardar resultado ABSENT con certeza baja","duration":0.36061300000000074,"failureMessages":[],"meta":{}},{"ancestorTitles":["AttendancePersistenceService","saveAttendanceResult()"],"fullName":"AttendancePersistenceService saveAttendanceResult() NO debería duplicar resultado si ya existe (idempotencia)","status":"passed","title":"NO debería duplicar resultado si ya existe (idempotencia)","duration":0.30389099999999303,"failureMessages":[],"meta":{}},{"ancestorTitles":["AttendancePersistenceService","saveAttendanceResult()"],"fullName":"AttendancePersistenceService saveAttendanceResult() debería usar estadísticas reales desde validation_attempts","status":"passed","title":"debería usar estadísticas reales desde validation_attempts","duration":0.35221599999999853,"failureMessages":[],"meta":{}},{"ancestorTitles":["AttendancePersistenceService","markRegistrationComplete()"],"fullName":"AttendancePersistenceService markRegistrationComplete() debería marcar registración como completada","status":"passed","title":"debería marcar registración como completada","duration":0.5016880000000015,"failureMessages":[],"meta":{}},{"ancestorTitles":["AttendancePersistenceService","markRegistrationComplete()"],"fullName":"AttendancePersistenceService markRegistrationComplete() NO debería fallar si no existe registración","status":"passed","title":"NO debería fallar si no existe registración","duration":1.3200879999999984,"failureMessages":[],"meta":{}},{"ancestorTitles":["AttendancePersistenceService","saveCompleteAttendance() - operación atómica"],"fullName":"AttendancePersistenceService saveCompleteAttendance() - operación atómica debería guardar validación + resultado + marcar completado","status":"passed","title":"debería guardar validación + resultado + marcar completado","duration":0.4459190000000035,"failureMessages":[],"meta":{}}],"startTime":1766117613266,"endTime":1766117613275.4458,"status":"passed","message":"","name":"/var/www/html/hawaii/asistencia/node-service/src/backend/attendance/__tests__/attendance-persistence.service.test.ts"},{"assertionResults":[{"ancestorTitles":["CompleteScanUseCase","execute() - Validación fallida"],"fullName":"CompleteScanUseCase execute() - Validación fallida debería retornar error si la validación falla por QR_NOT_FOUND","status":"passed","title":"debería retornar error si la validación falla por QR_NOT_FOUND","duration":1.581940000000003,"failureMessages":[],"meta":{}},{"ancestorTitles":["CompleteScanUseCase","execute() - Validación fallida"],"fullName":"CompleteScanUseCase execute() - Validación fallida debería retornar error si el QR ya fue consumido","status":"passed","title":"debería retornar error si el QR ya fue consumido","duration":0.3530659999999983,"failureMessages":[],"meta":{}},{"ancestorTitles":["CompleteScanUseCase","execute() - Validación fallida"],"fullName":"CompleteScanUseCase execute() - Validación fallida debería retornar error si el usuario no coincide (USER_MISMATCH)","status":"passed","title":"debería retornar error si el usuario no coincide (USER_MISMATCH)","duration":0.359296999999998,"failureMessages":[],"meta":{}},{"ancestorTitles":["CompleteScanUseCase","execute() - Validación exitosa pero falla markQRConsumed"],"fullName":"CompleteScanUseCase execute() - Validación exitosa pero falla markQRConsumed debería retornar error si markQRConsumed falla","status":"passed","title":"debería retornar error si markQRConsumed falla","duration":0.3684609999999964,"failureMessages":[],"meta":{}},{"ancestorTitles":["CompleteScanUseCase","execute() - Validación exitosa pero falla markQRConsumed"],"fullName":"CompleteScanUseCase execute() - Validación exitosa pero falla markQRConsumed debería retornar error si markQRConsumed lanza excepción","status":"passed","title":"debería retornar error si markQRConsumed lanza excepción","duration":3.338014000000001,"failureMessages":[],"meta":{}},{"ancestorTitles":["CompleteScanUseCase","execute() - Validación exitosa pero falla completeRound"],"fullName":"CompleteScanUseCase execute() - Validación exitosa pero falla completeRound debería retornar error si completeRound falla","status":"passed","title":"debería retornar error si completeRound falla","duration":0.6679239999999993,"failureMessages":[],"meta":{}},{"ancestorTitles":["CompleteScanUseCase","execute() - Round parcial (no completó todos)"],"fullName":"CompleteScanUseCase execute() - Round parcial (no completó todos) debería retornar nextRound si completó round 1 de 3","status":"passed","title":"debería retornar nextRound si completó round 1 de 3","duration":2.676460000000006,"failureMessages":[],"meta":{}},{"ancestorTitles":["CompleteScanUseCase","execute() - Round parcial (no completó todos)"],"fullName":"CompleteScanUseCase execute() - Round parcial (no completó todos) debería retornar error parcial si falla generateAndPublish","status":"passed","title":"debería retornar error parcial si falla generateAndPublish","duration":0.46007099999999923,"failureMessages":[],"meta":{}},{"ancestorTitles":["CompleteScanUseCase","execute() - Asistencia completada (todos los rounds)"],"fullName":"CompleteScanUseCase execute() - Asistencia completada (todos los rounds) debería calcular stats y retornar isComplete=true","status":"passed","title":"debería calcular stats y retornar isComplete=true","duration":0.5375399999999786,"failureMessages":[],"meta":{}},{"ancestorTitles":["CompleteScanUseCase","Persistencia opcional"],"fullName":"CompleteScanUseCase Persistencia opcional NO debería fallar si persistenceService no está configurado","status":"passed","title":"NO debería fallar si persistenceService no está configurado","duration":0.2600970000000018,"failureMessages":[],"meta":{}}],"startTime":1766117614007,"endTime":1766117614018.26,"status":"passed","message":"","name":"/var/www/html/hawaii/asistencia/node-service/src/backend/attendance/__tests__/complete-scan.usecase.test.ts"},{"assertionResults":[{"ancestorTitles":["RegistrationRepository","create()"],"fullName":"RegistrationRepository create() debería crear una registración con queue_position auto-calculado (primer estudiante)","status":"passed","title":"debería crear una registración con queue_position auto-calculado (primer estudiante)","duration":3.574362999999991,"failureMessages":[],"meta":{}},{"ancestorTitles":["RegistrationRepository","create()"],"fullName":"RegistrationRepository create() debería crear una registración con queue_position auto-calculado (segundo estudiante)","status":"passed","title":"debería crear una registración con queue_position auto-calculado (segundo estudiante)","duration":0.2142300000000006,"failureMessages":[],"meta":{}},{"ancestorTitles":["RegistrationRepository","create()"],"fullName":"RegistrationRepository create() debería crear registración con queue_position 5 cuando hay 4 estudiantes","status":"passed","title":"debería crear registración con queue_position 5 cuando hay 4 estudiantes","duration":0.19199300000001074,"failureMessages":[],"meta":{}},{"ancestorTitles":["RegistrationRepository","getById()"],"fullName":"RegistrationRepository getById() debería retornar una registración por ID","status":"passed","title":"debería retornar una registración por ID","duration":0.44819999999999993,"failureMessages":[],"meta":{}},{"ancestorTitles":["RegistrationRepository","getById()"],"fullName":"RegistrationRepository getById() debería retornar null si no existe la registración","status":"passed","title":"debería retornar null si no existe la registración","duration":0.1814810000000051,"failureMessages":[],"meta":{}},{"ancestorTitles":["RegistrationRepository","getBySessionAndUser()"],"fullName":"RegistrationRepository getBySessionAndUser() debería retornar registración por sessionId y userId","status":"passed","title":"debería retornar registración por sessionId y userId","duration":0.2988080000000082,"failureMessages":[],"meta":{}},{"ancestorTitles":["RegistrationRepository","getBySessionAndUser()"],"fullName":"RegistrationRepository getBySessionAndUser() debería retornar null si no existe registración para esa combinación","status":"passed","title":"debería retornar null si no existe registración para esa combinación","duration":0.17089099999999746,"failureMessages":[],"meta":{}},{"ancestorTitles":["RegistrationRepository","updateStatus()"],"fullName":"RegistrationRepository updateStatus() debería actualizar el status a \"completed\"","status":"passed","title":"debería actualizar el status a \"completed\"","duration":0.3001600000000053,"failureMessages":[],"meta":{}},{"ancestorTitles":["RegistrationRepository","updateStatus()"],"fullName":"RegistrationRepository updateStatus() debería actualizar el status a \"cancelled\"","status":"passed","title":"debería actualizar el status a \"cancelled\"","duration":0.18183700000000158,"failureMessages":[],"meta":{}},{"ancestorTitles":["RegistrationRepository","updateStatus()"],"fullName":"RegistrationRepository updateStatus() debería retornar null si la registración no existe","status":"passed","title":"debería retornar null si la registración no existe","duration":0.15263399999999194,"failureMessages":[],"meta":{}}],"startTime":1766117616714,"endTime":1766117616720.1526,"status":"passed","message":"","name":"/var/www/html/hawaii/asistencia/node-service/src/backend/attendance/__tests__/registration.repository.test.ts"},{"assertionResults":[{"ancestorTitles":["ResultRepository","create()"],"fullName":"ResultRepository create() debería crear un resultado PRESENT con todas las métricas","status":"passed","title":"debería crear un resultado PRESENT con todas las métricas","duration":2.8323210000000074,"failureMessages":[],"meta":{}},{"ancestorTitles":["ResultRepository","create()"],"fullName":"ResultRepository create() debería crear un resultado DOUBTFUL con métricas parciales","status":"passed","title":"debería crear un resultado DOUBTFUL con métricas parciales","duration":0.2830810000000099,"failureMessages":[],"meta":{}},{"ancestorTitles":["ResultRepository","create()"],"fullName":"ResultRepository create() debería crear un resultado ABSENT","status":"passed","title":"debería crear un resultado ABSENT","duration":0.21122599999998215,"failureMessages":[],"meta":{}},{"ancestorTitles":["ResultRepository","create()"],"fullName":"ResultRepository create() debería crear un resultado ERROR","status":"passed","title":"debería crear un resultado ERROR","duration":0.1335730000000126,"failureMessages":[],"meta":{}},{"ancestorTitles":["ResultRepository","getByRegistration()"],"fullName":"ResultRepository getByRegistration() debería obtener resultado por registrationId","status":"passed","title":"debería obtener resultado por registrationId","duration":0.31718000000000757,"failureMessages":[],"meta":{}},{"ancestorTitles":["ResultRepository","getByRegistration()"],"fullName":"ResultRepository getByRegistration() debería retornar null si no existe resultado","status":"passed","title":"debería retornar null si no existe resultado","duration":0.1284559999999999,"failureMessages":[],"meta":{}},{"ancestorTitles":["ResultRepository","listBySession()"],"fullName":"ResultRepository listBySession() debería listar todos los resultados de una sesión","status":"passed","title":"debería listar todos los resultados de una sesión","duration":0.606788999999992,"failureMessages":[],"meta":{}},{"ancestorTitles":["ResultRepository","listBySession()"],"fullName":"ResultRepository listBySession() debería retornar array vacío si no hay resultados","status":"passed","title":"debería retornar array vacío si no hay resultados","duration":0.13802999999998633,"failureMessages":[],"meta":{}},{"ancestorTitles":["ResultRepository","countByStatus()"],"fullName":"ResultRepository countByStatus() debería contar resultados por estado final","status":"skipped","title":"debería contar resultados por estado final","failureMessages":[],"meta":{}},{"ancestorTitles":["ResultRepository","countByStatus()"],"fullName":"ResultRepository countByStatus() debería retornar contadores en 0 si no hay resultados","status":"skipped","title":"debería retornar contadores en 0 si no hay resultados","failureMessages":[],"meta":{}}],"startTime":1766117614182,"endTime":1766117614187.138,"status":"passed","message":"","name":"/var/www/html/hawaii/asistencia/node-service/src/backend/attendance/__tests__/result.repository.test.ts"},{"assertionResults":[{"ancestorTitles":["SessionRepository","create()"],"fullName":"SessionRepository create() debería crear una sesión con maxRounds default 3","status":"passed","title":"debería crear una sesión con maxRounds default 3","duration":2.7000109999999893,"failureMessages":[],"meta":{}},{"ancestorTitles":["SessionRepository","create()"],"fullName":"SessionRepository create() debería crear una sesión con maxRounds personalizado","status":"passed","title":"debería crear una sesión con maxRounds personalizado","duration":0.36464599999999336,"failureMessages":[],"meta":{}},{"ancestorTitles":["SessionRepository","getById()"],"fullName":"SessionRepository getById() debería retornar una sesión por ID","status":"passed","title":"debería retornar una sesión por ID","duration":0.3168929999999932,"failureMessages":[],"meta":{}},{"ancestorTitles":["SessionRepository","getById()"],"fullName":"SessionRepository getById() debería retornar null si no existe la sesión","status":"passed","title":"debería retornar null si no existe la sesión","duration":0.13023000000001161,"failureMessages":[],"meta":{}},{"ancestorTitles":["SessionRepository","getActiveByProfessor()"],"fullName":"SessionRepository getActiveByProfessor() debería retornar sesiones activas del profesor","status":"passed","title":"debería retornar sesiones activas del profesor","duration":0.29054199999998787,"failureMessages":[],"meta":{}},{"ancestorTitles":["SessionRepository","getActiveByProfessor()"],"fullName":"SessionRepository getActiveByProfessor() debería retornar null si no hay sesiones activas","status":"passed","title":"debería retornar null si no hay sesiones activas","duration":0.11978899999999726,"failureMessages":[],"meta":{}},{"ancestorTitles":["SessionRepository","getActiveByRoom()"],"fullName":"SessionRepository getActiveByRoom() debería retornar sesiones activas en una sala","status":"passed","title":"debería retornar sesiones activas en una sala","duration":0.2964510000000189,"failureMessages":[],"meta":{}},{"ancestorTitles":["SessionRepository","getActiveByRoom()"],"fullName":"SessionRepository getActiveByRoom() debería retornar null si no hay sesiones en la sala","status":"passed","title":"debería retornar null si no hay sesiones en la sala","duration":0.1184599999999989,"failureMessages":[],"meta":{}},{"ancestorTitles":["SessionRepository","update()"],"fullName":"SessionRepository update() debería actualizar el status de una sesión","status":"passed","title":"debería actualizar el status de una sesión","duration":0.2762740000000008,"failureMessages":[],"meta":{}},{"ancestorTitles":["SessionRepository","update()"],"fullName":"SessionRepository update() debería retornar null si la sesión no existe","status":"passed","title":"debería retornar null si la sesión no existe","duration":0.12035000000000196,"failureMessages":[],"meta":{}}],"startTime":1766117616302,"endTime":1766117616307.2764,"status":"passed","message":"","name":"/var/www/html/hawaii/asistencia/node-service/src/backend/attendance/__tests__/session.repository.test.ts"},{"assertionResults":[{"ancestorTitles":["validateStructureStage"],"fullName":"validateStructureStage debe pasar con estructura valida","status":"passed","title":"debe pasar con estructura valida","duration":0.8781609999999915,"failureMessages":[],"meta":{}},{"ancestorTitles":["validateStructureStage"],"fullName":"validateStructureStage debe fallar sin response","status":"passed","title":"debe fallar sin response","duration":0.14299800000000573,"failureMessages":[],"meta":{}},{"ancestorTitles":["validateStructureStage"],"fullName":"validateStructureStage debe fallar con version incorrecta","status":"passed","title":"debe fallar con version incorrecta","duration":0.14277900000000443,"failureMessages":[],"meta":{}},{"ancestorTitles":["validateStructureStage"],"fullName":"validateStructureStage debe fallar con nonce de longitud incorrecta","status":"passed","title":"debe fallar con nonce de longitud incorrecta","duration":0.10011099999998407,"failureMessages":[],"meta":{}},{"ancestorTitles":["validateOwnershipStage"],"fullName":"validateOwnershipStage debe pasar cuando studentId coincide","status":"passed","title":"debe pasar cuando studentId coincide","duration":0.1204169999999749,"failureMessages":[],"meta":{}},{"ancestorTitles":["validateOwnershipStage"],"fullName":"validateOwnershipStage debe fallar cuando studentId no coincide","status":"passed","title":"debe fallar cuando studentId no coincide","duration":0.11727799999999888,"failureMessages":[],"meta":{}},{"ancestorTitles":["validateQRNotExpiredStage"],"fullName":"validateQRNotExpiredStage debe pasar con QR existente","status":"passed","title":"debe pasar con QR existente","duration":0.12737899999999058,"failureMessages":[],"meta":{}},{"ancestorTitles":["validateQRNotExpiredStage"],"fullName":"validateQRNotExpiredStage debe fallar con QR inexistente","status":"passed","title":"debe fallar con QR inexistente","duration":0.10923199999999156,"failureMessages":[],"meta":{}},{"ancestorTitles":["validateQRNotConsumedStage"],"fullName":"validateQRNotConsumedStage debe pasar con QR no consumido","status":"passed","title":"debe pasar con QR no consumido","duration":0.12133599999998523,"failureMessages":[],"meta":{}},{"ancestorTitles":["validateQRNotConsumedStage"],"fullName":"validateQRNotConsumedStage debe fallar con QR consumido","status":"passed","title":"debe fallar con QR consumido","duration":0.11451700000000642,"failureMessages":[],"meta":{}},{"ancestorTitles":["validateStudentRegisteredStage"],"fullName":"validateStudentRegisteredStage debe pasar con estudiante registrado","status":"passed","title":"debe pasar con estudiante registrado","duration":0.11434499999998593,"failureMessages":[],"meta":{}},{"ancestorTitles":["validateStudentRegisteredStage"],"fullName":"validateStudentRegisteredStage debe fallar con estudiante no registrado","status":"passed","title":"debe fallar con estudiante no registrado","duration":0.11167000000000371,"failureMessages":[],"meta":{}},{"ancestorTitles":["validateStudentActiveStage"],"fullName":"validateStudentActiveStage debe pasar con status active","status":"passed","title":"debe pasar con status active","duration":0.10863100000000259,"failureMessages":[],"meta":{}},{"ancestorTitles":["validateStudentActiveStage"],"fullName":"validateStudentActiveStage debe fallar con status completed","status":"passed","title":"debe fallar con status completed","duration":0.11663500000000226,"failureMessages":[],"meta":{}},{"ancestorTitles":["validateStudentActiveStage"],"fullName":"validateStudentActiveStage debe fallar con status failed","status":"passed","title":"debe fallar con status failed","duration":0.17193000000000325,"failureMessages":[],"meta":{}},{"ancestorTitles":["validateStudentOwnsQRStage"],"fullName":"validateStudentOwnsQRStage debe pasar cuando nonce coincide","status":"passed","title":"debe pasar cuando nonce coincide","duration":0.12837299999998208,"failureMessages":[],"meta":{}},{"ancestorTitles":["validateStudentOwnsQRStage"],"fullName":"validateStudentOwnsQRStage debe fallar cuando nonce no coincide","status":"passed","title":"debe fallar cuando nonce no coincide","duration":0.11107000000001221,"failureMessages":[],"meta":{}},{"ancestorTitles":["validateRoundMatchStage"],"fullName":"validateRoundMatchStage debe pasar cuando round coincide","status":"passed","title":"debe pasar cuando round coincide","duration":0.11951799999999935,"failureMessages":[],"meta":{}},{"ancestorTitles":["validateRoundMatchStage"],"fullName":"validateRoundMatchStage debe fallar cuando round ya fue completado","status":"passed","title":"debe fallar cuando round ya fue completado","duration":0.11524500000001581,"failureMessages":[],"meta":{}},{"ancestorTitles":["validateRoundMatchStage"],"fullName":"validateRoundMatchStage debe fallar cuando round no ha sido alcanzado","status":"passed","title":"debe fallar cuando round no ha sido alcanzado","duration":0.10596400000000017,"failureMessages":[],"meta":{}}],"startTime":1766117617741,"endTime":1766117617745.1196,"status":"passed","message":"","name":"/var/www/html/hawaii/asistencia/node-service/src/backend/attendance/__tests__/stages.test.ts"},{"assertionResults":[{"ancestorTitles":["TOTPValidationStage"],"fullName":"TOTPValidationStage debe pasar con TOTPu valido","status":"passed","title":"debe pasar con TOTPu valido","duration":3.0108359999999976,"failureMessages":[],"meta":{}},{"ancestorTitles":["TOTPValidationStage"],"fullName":"TOTPValidationStage debe fallar sin response desencriptada","status":"passed","title":"debe fallar sin response desencriptada","duration":0.19639100000000553,"failureMessages":[],"meta":{}},{"ancestorTitles":["TOTPValidationStage"],"fullName":"TOTPValidationStage debe fallar cuando falta TOTPu en el payload","status":"passed","title":"debe fallar cuando falta TOTPu en el payload","duration":0.16342000000000212,"failureMessages":[],"meta":{}},{"ancestorTitles":["TOTPValidationStage"],"fullName":"TOTPValidationStage debe fallar cuando session_key no existe en Valkey","status":"passed","title":"debe fallar cuando session_key no existe en Valkey","duration":0.17606100000000424,"failureMessages":[],"meta":{}},{"ancestorTitles":["TOTPValidationStage"],"fullName":"TOTPValidationStage debe fallar con TOTPu incorrecto","status":"passed","title":"debe fallar con TOTPu incorrecto","duration":0.3788509999999974,"failureMessages":[],"meta":{}},{"ancestorTitles":["TOTPValidationStage"],"fullName":"TOTPValidationStage debe validarse correctamente con diferentes session_keys","status":"passed","title":"debe validarse correctamente con diferentes session_keys","duration":0.5131080000000026,"failureMessages":[],"meta":{}},{"ancestorTitles":["TOTPValidationStage"],"fullName":"TOTPValidationStage debe rechazar TOTPu de otra sesion_key","status":"passed","title":"debe rechazar TOTPu de otra sesion_key","duration":0.28438400000000286,"failureMessages":[],"meta":{}}],"startTime":1766117617467,"endTime":1766117617472.2844,"status":"passed","message":"","name":"/var/www/html/hawaii/asistencia/node-service/src/backend/attendance/__tests__/totp-validation.stage.test.ts"},{"assertionResults":[{"ancestorTitles":["ValidationRepository","create()"],"fullName":"ValidationRepository create() debería crear una validación con QR generado (estado inicial)","status":"passed","title":"debería crear una validación con QR generado (estado inicial)","duration":2.7014139999999998,"failureMessages":[],"meta":{}},{"ancestorTitles":["ValidationRepository","create()"],"fullName":"ValidationRepository create() debería crear validaciones para múltiples rounds","status":"passed","title":"debería crear validaciones para múltiples rounds","duration":0.269551000000007,"failureMessages":[],"meta":{}},{"ancestorTitles":["ValidationRepository","complete()"],"fullName":"ValidationRepository complete() debería completar una validación exitosa","status":"passed","title":"debería completar una validación exitosa","duration":0.5744929999999897,"failureMessages":[],"meta":{}},{"ancestorTitles":["ValidationRepository","complete()"],"fullName":"ValidationRepository complete() debería completar una validación fallida","status":"passed","title":"debería completar una validación fallida","duration":0.1781440000000032,"failureMessages":[],"meta":{}},{"ancestorTitles":["ValidationRepository","complete()"],"fullName":"ValidationRepository complete() debería completar una validación con timeout","status":"passed","title":"debería completar una validación con timeout","duration":0.13874500000000012,"failureMessages":[],"meta":{}},{"ancestorTitles":["ValidationRepository","complete()"],"fullName":"ValidationRepository complete() debería retornar null si no existe la validación","status":"passed","title":"debería retornar null si no existe la validación","duration":0.12221900000000119,"failureMessages":[],"meta":{}},{"ancestorTitles":["ValidationRepository","incrementFailedAttempts()"],"fullName":"ValidationRepository incrementFailedAttempts() debería incrementar contador de intentos fallidos","status":"passed","title":"debería incrementar contador de intentos fallidos","duration":0.23093800000000897,"failureMessages":[],"meta":{}},{"ancestorTitles":["ValidationRepository","incrementFailedAttempts()"],"fullName":"ValidationRepository incrementFailedAttempts() debería retornar 0 si no existe la validación","status":"passed","title":"debería retornar 0 si no existe la validación","duration":0.13170900000000074,"failureMessages":[],"meta":{}},{"ancestorTitles":["ValidationRepository","incrementFailedAttempts()"],"fullName":"ValidationRepository incrementFailedAttempts() debería incrementar múltiples veces","status":"passed","title":"debería incrementar múltiples veces","duration":0.16751099999999042,"failureMessages":[],"meta":{}},{"ancestorTitles":["ValidationRepository","getByRound()"],"fullName":"ValidationRepository getByRound() debería obtener una validación por registrationId y round","status":"passed","title":"debería obtener una validación por registrationId y round","duration":0.22834100000000035,"failureMessages":[],"meta":{}},{"ancestorTitles":["ValidationRepository","getByRound()"],"fullName":"ValidationRepository getByRound() debería retornar null si no existe la validación","status":"passed","title":"debería retornar null si no existe la validación","duration":0.1135020000000111,"failureMessages":[],"meta":{}},{"ancestorTitles":["ValidationRepository","getResponseTimeStats()"],"fullName":"ValidationRepository getResponseTimeStats() debería calcular estadísticas de tiempo de respuesta","status":"passed","title":"debería calcular estadísticas de tiempo de respuesta","duration":0.24225899999999,"failureMessages":[],"meta":{}},{"ancestorTitles":["ValidationRepository","getResponseTimeStats()"],"fullName":"ValidationRepository getResponseTimeStats() debería retornar valores null si no hay validaciones exitosas","status":"passed","title":"debería retornar valores null si no hay validaciones exitosas","duration":0.14934800000000337,"failureMessages":[],"meta":{}},{"ancestorTitles":["ValidationRepository","countSuccessful()"],"fullName":"ValidationRepository countSuccessful() debería contar validaciones exitosas","status":"passed","title":"debería contar validaciones exitosas","duration":0.2003559999999993,"failureMessages":[],"meta":{}},{"ancestorTitles":["ValidationRepository","countSuccessful()"],"fullName":"ValidationRepository countSuccessful() debería retornar 0 si no hay validaciones exitosas","status":"passed","title":"debería retornar 0 si no hay validaciones exitosas","duration":0.11894699999999148,"failureMessages":[],"meta":{}}],"startTime":1766117612663,"endTime":1766117612669.119,"status":"passed","message":"","name":"/var/www/html/hawaii/asistencia/node-service/src/backend/attendance/__tests__/validation.repository.test.ts"},{"assertionResults":[{"ancestorTitles":["AuthService","authenticateFromHeader"],"fullName":"AuthService authenticateFromHeader debe autenticar correctamente con header válido","status":"passed","title":"debe autenticar correctamente con header válido","duration":2.9771280000000218,"failureMessages":[],"meta":{}},{"ancestorTitles":["AuthService","authenticateFromHeader"],"fullName":"AuthService authenticateFromHeader debe autenticar estudiante correctamente","status":"passed","title":"debe autenticar estudiante correctamente","duration":0.3913729999999873,"failureMessages":[],"meta":{}},{"ancestorTitles":["AuthService","authenticateFromHeader"],"fullName":"AuthService authenticateFromHeader debe fallar sin header Authorization","status":"passed","title":"debe fallar sin header Authorization","duration":0.5778370000000166,"failureMessages":[],"meta":{}},{"ancestorTitles":["AuthService","authenticateFromHeader"],"fullName":"AuthService authenticateFromHeader debe fallar con header malformado","status":"passed","title":"debe fallar con header malformado","duration":0.13028399999998896,"failureMessages":[],"meta":{}},{"ancestorTitles":["AuthService","authenticateFromHeader"],"fullName":"AuthService authenticateFromHeader debe fallar con token inválido","status":"passed","title":"debe fallar con token inválido","duration":0.16755799999998544,"failureMessages":[],"meta":{}},{"ancestorTitles":["AuthService","authenticateFromHeader"],"fullName":"AuthService authenticateFromHeader debe fallar con token expirado","status":"passed","title":"debe fallar con token expirado","duration":0.32615200000000755,"failureMessages":[],"meta":{}},{"ancestorTitles":["AuthService","authenticateFromHeader"],"fullName":"AuthService authenticateFromHeader debe crear UserId válido desde payload","status":"passed","title":"debe crear UserId válido desde payload","duration":0.3551530000000014,"failureMessages":[],"meta":{}},{"ancestorTitles":["AuthService","authenticateFromHeader"],"fullName":"AuthService authenticateFromHeader debe preservar caracteres especiales en nombreCompleto","status":"passed","title":"debe preservar caracteres especiales en nombreCompleto","duration":0.2234899999999982,"failureMessages":[],"meta":{}},{"ancestorTitles":["AuthService","verifyToken"],"fullName":"AuthService verifyToken debe verificar token válido directamente","status":"passed","title":"debe verificar token válido directamente","duration":0.3104849999999999,"failureMessages":[],"meta":{}},{"ancestorTitles":["AuthService","verifyToken"],"fullName":"AuthService verifyToken debe fallar con token inválido","status":"passed","title":"debe fallar con token inválido","duration":0.24267399999999384,"failureMessages":[],"meta":{}},{"ancestorTitles":["AuthService","verifyToken"],"fullName":"AuthService verifyToken debe fallar con token expirado","status":"passed","title":"debe fallar con token expirado","duration":0.2789060000000063,"failureMessages":[],"meta":{}},{"ancestorTitles":["AuthService","verifyToken"],"fullName":"AuthService verifyToken debe fallar con token firmado con otra secret","status":"passed","title":"debe fallar con token firmado con otra secret","duration":0.25737600000002203,"failureMessages":[],"meta":{}},{"ancestorTitles":["AuthService","mapToAuthenticatedUser"],"fullName":"AuthService mapToAuthenticatedUser debe mapear payload completo correctamente","status":"passed","title":"debe mapear payload completo correctamente","duration":0.3377240000000086,"failureMessages":[],"meta":{}},{"ancestorTitles":["AuthService","mapToAuthenticatedUser"],"fullName":"AuthService mapToAuthenticatedUser debe crear UserId como Value Object","status":"passed","title":"debe crear UserId como Value Object","duration":0.25335800000001996,"failureMessages":[],"meta":{}},{"ancestorTitles":["AuthService","integración authenticateFromHeader vs verifyToken"],"fullName":"AuthService integración authenticateFromHeader vs verifyToken debe producir mismo resultado con ambos métodos","status":"passed","title":"debe producir mismo resultado con ambos métodos","duration":0.302582000000001,"failureMessages":[],"meta":{}},{"ancestorTitles":["AuthService","edge cases"],"fullName":"AuthService edge cases debe manejar userId = 1 correctamente","status":"passed","title":"debe manejar userId = 1 correctamente","duration":0.2162320000000193,"failureMessages":[],"meta":{}},{"ancestorTitles":["AuthService","edge cases"],"fullName":"AuthService edge cases debe manejar números grandes en userId","status":"passed","title":"debe manejar números grandes en userId","duration":0.21133199999999874,"failureMessages":[],"meta":{}},{"ancestorTitles":["AuthService","edge cases"],"fullName":"AuthService edge cases debe manejar username con caracteres especiales","status":"passed","title":"debe manejar username con caracteres especiales","duration":0.1889460000000156,"failureMessages":[],"meta":{}},{"ancestorTitles":["AuthService","edge cases"],"fullName":"AuthService edge cases debe manejar todos los roles válidos","status":"passed","title":"debe manejar todos los roles válidos","duration":0.3592789999999866,"failureMessages":[],"meta":{}},{"ancestorTitles":["AuthService","edge cases"],"fullName":"AuthService edge cases debe preservar espacios múltiples en nombreCompleto","status":"passed","title":"debe preservar espacios múltiples en nombreCompleto","duration":0.20207499999997935,"failureMessages":[],"meta":{}}],"startTime":1766117614536,"endTime":1766117614545.3594,"status":"passed","message":"","name":"/var/www/html/hawaii/asistencia/node-service/src/backend/auth/__tests__/auth.service.test.ts"},{"assertionResults":[{"ancestorTitles":["JWTUtils","verify"],"fullName":"JWTUtils verify debe verificar JWT válido correctamente","status":"passed","title":"debe verificar JWT válido correctamente","duration":3.0331910000000164,"failureMessages":[],"meta":{}},{"ancestorTitles":["JWTUtils","verify"],"fullName":"JWTUtils verify debe fallar con token expirado","status":"passed","title":"debe fallar con token expirado","duration":0.9264360000000238,"failureMessages":[],"meta":{}},{"ancestorTitles":["JWTUtils","verify"],"fullName":"JWTUtils verify debe fallar con secret incorrecta","status":"passed","title":"debe fallar con secret incorrecta","duration":0.31207700000001637,"failureMessages":[],"meta":{}},{"ancestorTitles":["JWTUtils","verify"],"fullName":"JWTUtils verify debe fallar con issuer incorrecto","status":"passed","title":"debe fallar con issuer incorrecto","duration":0.2948079999999891,"failureMessages":[],"meta":{}},{"ancestorTitles":["JWTUtils","verify"],"fullName":"JWTUtils verify debe fallar con audience incorrecta","status":"passed","title":"debe fallar con audience incorrecta","duration":0.3347269999999867,"failureMessages":[],"meta":{}},{"ancestorTitles":["JWTUtils","verify"],"fullName":"JWTUtils verify debe fallar con payload sin userId","status":"passed","title":"debe fallar con payload sin userId","duration":0.29466499999998064,"failureMessages":[],"meta":{}},{"ancestorTitles":["JWTUtils","verify"],"fullName":"JWTUtils verify debe fallar con payload sin username","status":"passed","title":"debe fallar con payload sin username","duration":0.2877929999999935,"failureMessages":[],"meta":{}},{"ancestorTitles":["JWTUtils","verify"],"fullName":"JWTUtils verify debe fallar con token malformado","status":"passed","title":"debe fallar con token malformado","duration":0.14328900000001,"failureMessages":[],"meta":{}},{"ancestorTitles":["JWTUtils","verify"],"fullName":"JWTUtils verify debe fallar con string vacío","status":"passed","title":"debe fallar con string vacío","duration":0.1281579999999849,"failureMessages":[],"meta":{}},{"ancestorTitles":["JWTUtils","verify"],"fullName":"JWTUtils verify debe verificar token con campos opcionales","status":"passed","title":"debe verificar token con campos opcionales","duration":0.28531300000000215,"failureMessages":[],"meta":{}},{"ancestorTitles":["JWTUtils","extractFromHeader"],"fullName":"JWTUtils extractFromHeader debe extraer token de header válido","status":"passed","title":"debe extraer token de header válido","duration":0.1215219999999988,"failureMessages":[],"meta":{}},{"ancestorTitles":["JWTUtils","extractFromHeader"],"fullName":"JWTUtils extractFromHeader debe fallar sin header Authorization","status":"passed","title":"debe fallar sin header Authorization","duration":0.14777300000000082,"failureMessages":[],"meta":{}},{"ancestorTitles":["JWTUtils","extractFromHeader"],"fullName":"JWTUtils extractFromHeader debe fallar con header vacío","status":"passed","title":"debe fallar con header vacío","duration":0.11522700000000441,"failureMessages":[],"meta":{}},{"ancestorTitles":["JWTUtils","extractFromHeader"],"fullName":"JWTUtils extractFromHeader debe fallar sin esquema Bearer","status":"passed","title":"debe fallar sin esquema Bearer","duration":0.10792399999999702,"failureMessages":[],"meta":{}},{"ancestorTitles":["JWTUtils","extractFromHeader"],"fullName":"JWTUtils extractFromHeader debe fallar con esquema incorrecto","status":"passed","title":"debe fallar con esquema incorrecto","duration":0.149675000000002,"failureMessages":[],"meta":{}},{"ancestorTitles":["JWTUtils","extractFromHeader"],"fullName":"JWTUtils extractFromHeader debe fallar con múltiples espacios","status":"passed","title":"debe fallar con múltiples espacios","duration":0.11855099999999652,"failureMessages":[],"meta":{}},{"ancestorTitles":["JWTUtils","extractFromHeader"],"fullName":"JWTUtils extractFromHeader debe fallar con solo \"Bearer\" sin token","status":"passed","title":"debe fallar con solo \"Bearer\" sin token","duration":0.12161699999998632,"failureMessages":[],"meta":{}},{"ancestorTitles":["JWTUtils","extractFromHeader"],"fullName":"JWTUtils extractFromHeader debe extraer token largo correctamente","status":"passed","title":"debe extraer token largo correctamente","duration":0.09554799999997954,"failureMessages":[],"meta":{}},{"ancestorTitles":["JWTUtils","extractFromHeader"],"fullName":"JWTUtils extractFromHeader debe manejar token con puntos (formato JWT real)","status":"passed","title":"debe manejar token con puntos (formato JWT real)","duration":0.0705639999999903,"failureMessages":[],"meta":{}},{"ancestorTitles":["JWTUtils","integración verify + extractFromHeader"],"fullName":"JWTUtils integración verify + extractFromHeader debe extraer y verificar token de header completo","status":"passed","title":"debe extraer y verificar token de header completo","duration":0.26103699999998753,"failureMessages":[],"meta":{}},{"ancestorTitles":["JWTUtils","edge cases"],"fullName":"JWTUtils edge cases debe manejar token con caracteres especiales en payload","status":"passed","title":"debe manejar token con caracteres especiales en payload","duration":0.2179399999999987,"failureMessages":[],"meta":{}},{"ancestorTitles":["JWTUtils","edge cases"],"fullName":"JWTUtils edge cases debe manejar userId = 1","status":"passed","title":"debe manejar userId = 1","duration":0.20880900000000224,"failureMessages":[],"meta":{}},{"ancestorTitles":["JWTUtils","edge cases"],"fullName":"JWTUtils edge cases debe manejar números grandes en userId","status":"passed","title":"debe manejar números grandes en userId","duration":0.19083999999998014,"failureMessages":[],"meta":{}}],"startTime":1766117614382,"endTime":1766117614390.218,"status":"passed","message":"","name":"/var/www/html/hawaii/asistencia/node-service/src/backend/auth/__tests__/jwt-utils.test.ts"},{"assertionResults":[{"ancestorTitles":["UserId","create"],"fullName":"UserId create debe crear UserId válido con número positivo","status":"passed","title":"debe crear UserId válido con número positivo","duration":0.7384440000000012,"failureMessages":[],"meta":{}},{"ancestorTitles":["UserId","create"],"fullName":"UserId create debe crear UserId con número 1","status":"passed","title":"debe crear UserId con número 1","duration":0.13710000000000377,"failureMessages":[],"meta":{}},{"ancestorTitles":["UserId","create"],"fullName":"UserId create debe fallar con número 0","status":"passed","title":"debe fallar con número 0","duration":0.5526750000000078,"failureMessages":[],"meta":{}},{"ancestorTitles":["UserId","create"],"fullName":"UserId create debe fallar con número negativo","status":"passed","title":"debe fallar con número negativo","duration":0.16037500000000193,"failureMessages":[],"meta":{}},{"ancestorTitles":["UserId","create"],"fullName":"UserId create debe fallar con número decimal","status":"passed","title":"debe fallar con número decimal","duration":0.14992799999998851,"failureMessages":[],"meta":{}},{"ancestorTitles":["UserId","create"],"fullName":"UserId create debe fallar con NaN","status":"passed","title":"debe fallar con NaN","duration":0.1804390000000069,"failureMessages":[],"meta":{}},{"ancestorTitles":["UserId","create"],"fullName":"UserId create debe fallar con Infinity","status":"passed","title":"debe fallar con Infinity","duration":0.1515489999999886,"failureMessages":[],"meta":{}},{"ancestorTitles":["UserId","toNumber"],"fullName":"UserId toNumber debe retornar el valor numérico","status":"passed","title":"debe retornar el valor numérico","duration":0.13049100000000635,"failureMessages":[],"meta":{}},{"ancestorTitles":["UserId","toString"],"fullName":"UserId toString debe retornar el valor como string","status":"passed","title":"debe retornar el valor como string","duration":0.1250569999999982,"failureMessages":[],"meta":{}},{"ancestorTitles":["UserId","equals"],"fullName":"UserId equals debe retornar true para UserIds con mismo valor","status":"passed","title":"debe retornar true para UserIds con mismo valor","duration":0.10555300000000045,"failureMessages":[],"meta":{}},{"ancestorTitles":["UserId","equals"],"fullName":"UserId equals debe retornar false para UserIds con valores diferentes","status":"passed","title":"debe retornar false para UserIds con valores diferentes","duration":0.1699780000000004,"failureMessages":[],"meta":{}},{"ancestorTitles":["UserId","equals"],"fullName":"UserId equals debe comparar correctamente números grandes","status":"passed","title":"debe comparar correctamente números grandes","duration":0.12935699999999883,"failureMessages":[],"meta":{}},{"ancestorTitles":["UserId","inmutabilidad"],"fullName":"UserId inmutabilidad no debe permitir modificar el valor después de creación","status":"passed","title":"no debe permitir modificar el valor después de creación","duration":0.13566899999999293,"failureMessages":[],"meta":{}},{"ancestorTitles":["UserId","identidad"],"fullName":"UserId identidad dos instancias con mismo valor NO deben ser iguales por referencia","status":"passed","title":"dos instancias con mismo valor NO deben ser iguales por referencia","duration":0.11664899999999534,"failureMessages":[],"meta":{}},{"ancestorTitles":["UserId","identidad"],"fullName":"UserId identidad misma instancia debe ser igual a sí misma","status":"passed","title":"misma instancia debe ser igual a sí misma","duration":0.11347899999999811,"failureMessages":[],"meta":{}}],"startTime":1766117618277,"endTime":1766117618281.1135,"status":"passed","message":"","name":"/var/www/html/hawaii/asistencia/node-service/src/backend/auth/__tests__/user-id.test.ts"},{"assertionResults":[{"ancestorTitles":["PoolBalancer","calculateFakesNeeded()"],"fullName":"PoolBalancer calculateFakesNeeded() debería calcular que se necesitan 10 falsos si no hay estudiantes reales","status":"passed","title":"debería calcular que se necesitan 10 falsos si no hay estudiantes reales","duration":1.1532780000000002,"failureMessages":[],"meta":{}},{"ancestorTitles":["PoolBalancer","calculateFakesNeeded()"],"fullName":"PoolBalancer calculateFakesNeeded() debería calcular que se necesitan 5 falsos si hay 5 estudiantes","status":"passed","title":"debería calcular que se necesitan 5 falsos si hay 5 estudiantes","duration":0.1626630000000091,"failureMessages":[],"meta":{}},{"ancestorTitles":["PoolBalancer","calculateFakesNeeded()"],"fullName":"PoolBalancer calculateFakesNeeded() debería calcular que NO se necesitan falsos si hay 10 estudiantes","status":"passed","title":"debería calcular que NO se necesitan falsos si hay 10 estudiantes","duration":0.11783099999999536,"failureMessages":[],"meta":{}},{"ancestorTitles":["PoolBalancer","calculateFakesNeeded()"],"fullName":"PoolBalancer calculateFakesNeeded() debería calcular que NO se necesitan falsos si hay más de 10 estudiantes","status":"passed","title":"debería calcular que NO se necesitan falsos si hay más de 10 estudiantes","duration":0.12309600000000387,"failureMessages":[],"meta":{}},{"ancestorTitles":["PoolBalancer","balance() - agregar falsos"],"fullName":"PoolBalancer balance() - agregar falsos debería agregar 10 falsos si el pool está vacío","status":"passed","title":"debería agregar 10 falsos si el pool está vacío","duration":1.6091480000000047,"failureMessages":[],"meta":{}},{"ancestorTitles":["PoolBalancer","balance() - agregar falsos"],"fullName":"PoolBalancer balance() - agregar falsos debería agregar 5 falsos si hay 5 estudiantes","status":"passed","title":"debería agregar 5 falsos si hay 5 estudiantes","duration":0.20470000000000255,"failureMessages":[],"meta":{}},{"ancestorTitles":["PoolBalancer","balance() - agregar falsos"],"fullName":"PoolBalancer balance() - agregar falsos debería agregar 3 falsos si hay 7 estudiantes y 0 falsos","status":"passed","title":"debería agregar 3 falsos si hay 7 estudiantes y 0 falsos","duration":0.17122499999999263,"failureMessages":[],"meta":{}},{"ancestorTitles":["PoolBalancer","balance() - remover falsos"],"fullName":"PoolBalancer balance() - remover falsos debería remover 5 falsos si hay 15 estudiantes y 5 falsos","status":"passed","title":"debería remover 5 falsos si hay 15 estudiantes y 5 falsos","duration":0.2716190000000154,"failureMessages":[],"meta":{}},{"ancestorTitles":["PoolBalancer","balance() - remover falsos"],"fullName":"PoolBalancer balance() - remover falsos debería remover 10 falsos si hay 12 estudiantes y 10 falsos","status":"passed","title":"debería remover 10 falsos si hay 12 estudiantes y 10 falsos","duration":0.16251499999998487,"failureMessages":[],"meta":{}},{"ancestorTitles":["PoolBalancer","balance() - sin cambios"],"fullName":"PoolBalancer balance() - sin cambios NO debería hacer nada si el pool ya está balanceado (10 estudiantes, 0 falsos)","status":"passed","title":"NO debería hacer nada si el pool ya está balanceado (10 estudiantes, 0 falsos)","duration":0.22726299999999355,"failureMessages":[],"meta":{}},{"ancestorTitles":["PoolBalancer","balance() - sin cambios"],"fullName":"PoolBalancer balance() - sin cambios NO debería hacer nada si hay 5 estudiantes y 5 falsos","status":"passed","title":"NO debería hacer nada si hay 5 estudiantes y 5 falsos","duration":0.1640999999999906,"failureMessages":[],"meta":{}},{"ancestorTitles":["PoolBalancer","injectFakes()"],"fullName":"PoolBalancer injectFakes() debería inyectar 15 QRs falsos manualmente","status":"passed","title":"debería inyectar 15 QRs falsos manualmente","duration":0.2192280000000153,"failureMessages":[],"meta":{}},{"ancestorTitles":["PoolBalancer","injectFakes()"],"fullName":"PoolBalancer injectFakes() NO debería inyectar si count es 0","status":"passed","title":"NO debería inyectar si count es 0","duration":0.19416000000001077,"failureMessages":[],"meta":{}},{"ancestorTitles":["PoolBalancer","injectFakes()"],"fullName":"PoolBalancer injectFakes() NO debería inyectar si count es negativo","status":"passed","title":"NO debería inyectar si count es negativo","duration":0.1339179999999942,"failureMessages":[],"meta":{}},{"ancestorTitles":["PoolBalancer","getPoolStats()"],"fullName":"PoolBalancer getPoolStats() debería retornar estadísticas del pool","status":"passed","title":"debería retornar estadísticas del pool","duration":0.27824699999999325,"failureMessages":[],"meta":{}},{"ancestorTitles":["PoolBalancer","getConfig()"],"fullName":"PoolBalancer getConfig() debería retornar la configuración actual","status":"passed","title":"debería retornar la configuración actual","duration":0.15958100000000286,"failureMessages":[],"meta":{}},{"ancestorTitles":["PoolBalancer","updateConfig()"],"fullName":"PoolBalancer updateConfig() debería actualizar minPoolSize en runtime","status":"passed","title":"debería actualizar minPoolSize en runtime","duration":0.12946099999999205,"failureMessages":[],"meta":{}},{"ancestorTitles":["PoolBalancer","updateConfig()"],"fullName":"PoolBalancer updateConfig() debería recalcular falsos necesarios con nueva configuración","status":"passed","title":"debería recalcular falsos necesarios con nueva configuración","duration":0.11372700000001146,"failureMessages":[],"meta":{}},{"ancestorTitles":["PoolBalancer","updateConfig()"],"fullName":"PoolBalancer updateConfig() debería mantener configuración anterior si no se provee","status":"passed","title":"debería mantener configuración anterior si no se provee","duration":0.10389200000000187,"failureMessages":[],"meta":{}},{"ancestorTitles":["PoolBalancer","generateFakeEncrypted() - generación de QRs falsos"],"fullName":"PoolBalancer generateFakeEncrypted() - generación de QRs falsos debería generar QRs falsos con formato válido","status":"passed","title":"debería generar QRs falsos con formato válido","duration":0.48138500000001727,"failureMessages":[],"meta":{}}],"startTime":1766117616150,"endTime":1766117616156.4814,"status":"passed","message":"","name":"/var/www/html/hawaii/asistencia/node-service/src/backend/qr-projection/__tests__/pool-balancer.service.test.ts"},{"assertionResults":[{"ancestorTitles":["PoolFeeder","feedStudentQR()"],"fullName":"PoolFeeder feedStudentQR() debería alimentar un QR de estudiante al pool con session_key real","status":"passed","title":"debería alimentar un QR de estudiante al pool con session_key real","duration":3.370405000000005,"failureMessages":[],"meta":{}},{"ancestorTitles":["PoolFeeder","feedStudentQR()"],"fullName":"PoolFeeder feedStudentQR() debería usar fallback AES service si no hay session_key","status":"passed","title":"debería usar fallback AES service si no hay session_key","duration":0.7181809999999871,"failureMessages":[],"meta":{}},{"ancestorTitles":["PoolFeeder","feedStudentQR()"],"fullName":"PoolFeeder feedStudentQR() debería usar TTL por defecto (60s) si no se especifica","status":"passed","title":"debería usar TTL por defecto (60s) si no se especifica","duration":0.28352100000000746,"failureMessages":[],"meta":{}},{"ancestorTitles":["PoolFeeder","feedStudentQR()"],"fullName":"PoolFeeder feedStudentQR() debería usar TTL personalizado","status":"passed","title":"debería usar TTL personalizado","duration":0.24247200000002067,"failureMessages":[],"meta":{}},{"ancestorTitles":["PoolFeeder","feedStudentQR()"],"fullName":"PoolFeeder feedStudentQR() debería retornar error si falla el almacenamiento","status":"passed","title":"debería retornar error si falla el almacenamiento","duration":0.4011979999999937,"failureMessages":[],"meta":{}},{"ancestorTitles":["PoolFeeder","feedStudentQR()"],"fullName":"PoolFeeder feedStudentQR() debería construir payload con los datos correctos","status":"passed","title":"debería construir payload con los datos correctos","duration":0.5875280000000203,"failureMessages":[],"meta":{}},{"ancestorTitles":["PoolFeeder","feedMultiple()"],"fullName":"PoolFeeder feedMultiple() debería alimentar múltiples QRs al pool","status":"passed","title":"debería alimentar múltiples QRs al pool","duration":0.6875749999999812,"failureMessages":[],"meta":{}},{"ancestorTitles":["PoolFeeder","feedMultiple()"],"fullName":"PoolFeeder feedMultiple() debería retornar resultados mixtos (éxito + error)","status":"passed","title":"debería retornar resultados mixtos (éxito + error)","duration":0.40460600000000113,"failureMessages":[],"meta":{}},{"ancestorTitles":["PoolFeeder","getNonce()"],"fullName":"PoolFeeder getNonce() debería extraer el nonce del payload","status":"passed","title":"debería extraer el nonce del payload","duration":0.23780999999999608,"failureMessages":[],"meta":{}}],"startTime":1766117616885,"endTime":1766117616892.4045,"status":"passed","message":"","name":"/var/www/html/hawaii/asistencia/node-service/src/backend/qr-projection/__tests__/pool-feeder.service.test.ts"},{"assertionResults":[{"ancestorTitles":["LoginEcdhController","Validaciones de entrada"],"fullName":"LoginEcdhController Validaciones de entrada debería retornar 401 si no hay usuario autenticado","status":"passed","title":"debería retornar 401 si no hay usuario autenticado","duration":2.464939000000001,"failureMessages":[],"meta":{}},{"ancestorTitles":["LoginEcdhController","Validaciones de entrada"],"fullName":"LoginEcdhController Validaciones de entrada debería retornar 400 si falta credentialId","status":"passed","title":"debería retornar 400 si falta credentialId","duration":0.36636500000000183,"failureMessages":[],"meta":{}},{"ancestorTitles":["LoginEcdhController","Validaciones de entrada"],"fullName":"LoginEcdhController Validaciones de entrada debería retornar 400 si falta clientPublicKey","status":"passed","title":"debería retornar 400 si falta clientPublicKey","duration":0.27125600000000816,"failureMessages":[],"meta":{}},{"ancestorTitles":["LoginEcdhController","Validaciones de entrada"],"fullName":"LoginEcdhController Validaciones de entrada debería retornar 400 si ambos campos faltan","status":"passed","title":"debería retornar 400 si ambos campos faltan","duration":0.2829329999999999,"failureMessages":[],"meta":{}},{"ancestorTitles":["LoginEcdhController","Manejo de errores del UseCase"],"fullName":"LoginEcdhController Manejo de errores del UseCase debería retornar 404 si el dispositivo no existe (DEVICE_NOT_FOUND)","status":"passed","title":"debería retornar 404 si el dispositivo no existe (DEVICE_NOT_FOUND)","duration":0.35919699999999466,"failureMessages":[],"meta":{}},{"ancestorTitles":["LoginEcdhController","Manejo de errores del UseCase"],"fullName":"LoginEcdhController Manejo de errores del UseCase debería retornar 403 si el dispositivo no pertenece al usuario (DEVICE_NOT_OWNED)","status":"passed","title":"debería retornar 403 si el dispositivo no pertenece al usuario (DEVICE_NOT_OWNED)","duration":0.28819399999999007,"failureMessages":[],"meta":{}},{"ancestorTitles":["LoginEcdhController","Manejo de errores del UseCase"],"fullName":"LoginEcdhController Manejo de errores del UseCase debería retornar 403 si el dispositivo está revocado (DEVICE_REVOKED)","status":"passed","title":"debería retornar 403 si el dispositivo está revocado (DEVICE_REVOKED)","duration":0.2603780000000029,"failureMessages":[],"meta":{}},{"ancestorTitles":["LoginEcdhController","Manejo de errores del UseCase"],"fullName":"LoginEcdhController Manejo de errores del UseCase debería retornar 500 para errores genéricos sin código","status":"passed","title":"debería retornar 500 para errores genéricos sin código","duration":2.9969349999999935,"failureMessages":[],"meta":{}},{"ancestorTitles":["LoginEcdhController","Caso de éxito"],"fullName":"LoginEcdhController Caso de éxito debería retornar 200 con serverPublicKey, totpu y deviceId","status":"passed","title":"debería retornar 200 con serverPublicKey, totpu y deviceId","duration":0.49593699999999785,"failureMessages":[],"meta":{}}],"startTime":1766117617877,"endTime":1766117617885.4958,"status":"passed","message":"","name":"/var/www/html/hawaii/asistencia/node-service/src/backend/session/__tests__/login-ecdh.controller.test.ts"},{"assertionResults":[{"ancestorTitles":["CompleteScanUseCase (EJEMPLO)","caso exitoso"],"fullName":"CompleteScanUseCase (EJEMPLO) caso exitoso debe completar el escaneo correctamente","status":"passed","title":"debe completar el escaneo correctamente","duration":1.3671919999999886,"failureMessages":[],"meta":{}},{"ancestorTitles":["CompleteScanUseCase (EJEMPLO)","casos de error"],"fullName":"CompleteScanUseCase (EJEMPLO) casos de error debe fallar si el estudiante no está registrado","status":"passed","title":"debe fallar si el estudiante no está registrado","duration":0.3474209999999971,"failureMessages":[],"meta":{}},{"ancestorTitles":["CompleteScanUseCase (EJEMPLO)","casos de error"],"fullName":"CompleteScanUseCase (EJEMPLO) casos de error debe fallar si el QR ya fue consumido","status":"passed","title":"debe fallar si el QR ya fue consumido","duration":0.32829300000000217,"failureMessages":[],"meta":{}},{"ancestorTitles":["CompleteScanUseCase (EJEMPLO)","casos de error"],"fullName":"CompleteScanUseCase (EJEMPLO) casos de error debe fallar si el TOTP es inválido","status":"passed","title":"debe fallar si el TOTP es inválido","duration":0.35328400000000215,"failureMessages":[],"meta":{}},{"ancestorTitles":["CompleteScanUseCase (EJEMPLO)","límites y edge cases"],"fullName":"CompleteScanUseCase (EJEMPLO) límites y edge cases debe avanzar al siguiente round después de completar uno","status":"passed","title":"debe avanzar al siguiente round después de completar uno","duration":0.33438599999999497,"failureMessages":[],"meta":{}},{"ancestorTitles":["CompleteScanUseCase (EJEMPLO)","límites y edge cases"],"fullName":"CompleteScanUseCase (EJEMPLO) límites y edge cases debe completar el proceso después del último round","status":"passed","title":"debe completar el proceso después del último round","duration":0.33265700000001175,"failureMessages":[],"meta":{}},{"ancestorTitles":["CompleteScanUseCase (EJEMPLO)","límites y edge cases"],"fullName":"CompleteScanUseCase (EJEMPLO) límites y edge cases debe reiniciar intentos al pasar de round","status":"passed","title":"debe reiniciar intentos al pasar de round","duration":0.3261499999999842,"failureMessages":[],"meta":{}},{"ancestorTitles":["CompleteScanUseCase (EJEMPLO)","manejo de timestamps"],"fullName":"CompleteScanUseCase (EJEMPLO) manejo de timestamps debe rechazar QR muy antiguo","status":"passed","title":"debe rechazar QR muy antiguo","duration":0.33247700000001146,"failureMessages":[],"meta":{}},{"ancestorTitles":["CompleteScanUseCase (EJEMPLO)","manejo de timestamps"],"fullName":"CompleteScanUseCase (EJEMPLO) manejo de timestamps debe aceptar QR reciente","status":"passed","title":"debe aceptar QR reciente","duration":0.37366999999997574,"failureMessages":[],"meta":{}},{"ancestorTitles":["CompleteScanUseCase (EJEMPLO)","concurrencia y race conditions"],"fullName":"CompleteScanUseCase (EJEMPLO) concurrencia y race conditions debe manejar múltiples escaneos simultáneos del mismo estudiante","status":"passed","title":"debe manejar múltiples escaneos simultáneos del mismo estudiante","duration":0.3211669999999742,"failureMessages":[],"meta":{}},{"ancestorTitles":["CompleteScanUseCase (EJEMPLO)","limpieza de mocks"],"fullName":"CompleteScanUseCase (EJEMPLO) limpieza de mocks debe resetear correctamente todos los mocks","status":"passed","title":"debe resetear correctamente todos los mocks","duration":0.8570220000000006,"failureMessages":[],"meta":{}}],"startTime":1766117614700,"endTime":1766117614705.857,"status":"passed","message":"","name":"/var/www/html/hawaii/asistencia/node-service/src/backend/shared/__tests__/example-usecase.test.ts"},{"assertionResults":[{"ancestorTitles":["ParticipationService","registerParticipation()"],"fullName":"ParticipationService registerParticipation() debería registrar nuevo estudiante y generar QR","status":"passed","title":"debería registrar nuevo estudiante y generar QR","duration":2.8369090000000057,"failureMessages":[],"meta":{}},{"ancestorTitles":["ParticipationService","registerParticipation()"],"fullName":"ParticipationService registerParticipation() debería rechazar si estudiante ya completó","status":"passed","title":"debería rechazar si estudiante ya completó","duration":0.5096130000000016,"failureMessages":[],"meta":{}},{"ancestorTitles":["ParticipationService","registerParticipation()"],"fullName":"ParticipationService registerParticipation() debería rechazar si estudiante está failed","status":"passed","title":"debería rechazar si estudiante está failed","duration":0.2925599999999946,"failureMessages":[],"meta":{}},{"ancestorTitles":["ParticipationService","registerParticipation()"],"fullName":"ParticipationService registerParticipation() debería retornar error si generateAndProject falla","status":"passed","title":"debería retornar error si generateAndProject falla","duration":5.351309999999984,"failureMessages":[],"meta":{}},{"ancestorTitles":["ParticipationService","requestNewQR()"],"fullName":"ParticipationService requestNewQR() debería retornar error si estudiante no está registrado","status":"passed","title":"debería retornar error si estudiante no está registrado","duration":0.3671680000000208,"failureMessages":[],"meta":{}},{"ancestorTitles":["ParticipationService","requestNewQR()"],"fullName":"ParticipationService requestNewQR() debería rechazar si estudiante completó","status":"passed","title":"debería rechazar si estudiante completó","duration":0.47154299999999694,"failureMessages":[],"meta":{}},{"ancestorTitles":["ParticipationService","requestNewQR()"],"fullName":"ParticipationService requestNewQR() debería rechazar si estudiante está failed","status":"passed","title":"debería rechazar si estudiante está failed","duration":0.4431539999999927,"failureMessages":[],"meta":{}},{"ancestorTitles":["ParticipationService","requestNewQR()"],"fullName":"ParticipationService requestNewQR() debería retornar QR existente si sigue válido","status":"passed","title":"debería retornar QR existente si sigue válido","duration":1.7814740000000029,"failureMessages":[],"meta":{}},{"ancestorTitles":["ParticipationService","requestNewQR()"],"fullName":"ParticipationService requestNewQR() debería generar nuevo QR si el anterior expiró","status":"passed","title":"debería generar nuevo QR si el anterior expiró","duration":0.3596729999999866,"failureMessages":[],"meta":{}},{"ancestorTitles":["ParticipationService","requestNewQR()"],"fullName":"ParticipationService requestNewQR() debería rechazar si QR expiró y no quedan intentos","status":"passed","title":"debería rechazar si QR expiró y no quedan intentos","duration":0.22799899999998274,"failureMessages":[],"meta":{}},{"ancestorTitles":["ParticipationService","requestNewQR()"],"fullName":"ParticipationService requestNewQR() debería manejar errores internos","status":"passed","title":"debería manejar errores internos","duration":0.3678069999999991,"failureMessages":[],"meta":{}},{"ancestorTitles":["ParticipationService","getStatus()"],"fullName":"ParticipationService getStatus() debería retornar registered=false si estudiante no existe","status":"passed","title":"debería retornar registered=false si estudiante no existe","duration":0.24737899999999513,"failureMessages":[],"meta":{}},{"ancestorTitles":["ParticipationService","getStatus()"],"fullName":"ParticipationService getStatus() debería retornar estado completo con QR activo","status":"passed","title":"debería retornar estado completo con QR activo","duration":0.35062899999999786,"failureMessages":[],"meta":{}},{"ancestorTitles":["ParticipationService","getStatus()"],"fullName":"ParticipationService getStatus() debería retornar estado sin QR si no hay activo","status":"passed","title":"debería retornar estado sin QR si no hay activo","duration":0.21876199999999812,"failureMessages":[],"meta":{}},{"ancestorTitles":["ParticipationService","getStatus()"],"fullName":"ParticipationService getStatus() debería retornar estado completed","status":"passed","title":"debería retornar estado completed","duration":0.2527249999999981,"failureMessages":[],"meta":{}},{"ancestorTitles":["ParticipationService","getStatus()"],"fullName":"ParticipationService getStatus() debería ignorar QR consumido","status":"passed","title":"debería ignorar QR consumido","duration":0.19933499999999071,"failureMessages":[],"meta":{}}],"startTime":1766117611754,"endTime":1766117611769.1992,"status":"passed","message":"","name":"/var/www/html/hawaii/asistencia/node-service/src/backend/attendance/application/__tests__/participation.service.test.ts"},{"assertionResults":[{"ancestorTitles":["FraudMetricsRepository","recordAttempt()"],"fullName":"FraudMetricsRepository recordAttempt() debería registrar intento fraudulento con todos los datos","status":"passed","title":"debería registrar intento fraudulento con todos los datos","duration":2.0952350000000024,"failureMessages":[],"meta":{}},{"ancestorTitles":["FraudMetricsRepository","recordAttempt()"],"fullName":"FraudMetricsRepository recordAttempt() debería agregar intento a lista de recientes","status":"passed","title":"debería agregar intento a lista de recientes","duration":0.9514869999
[...]
itles":["PayloadBuilder","fromJsonString()"],"fullName":"PayloadBuilder fromJsonString() debería retornar null si JSON inválido","status":"passed","title":"debería retornar null si JSON inválido","duration":0.14635099999999568,"failureMessages":[],"meta":{}},{"ancestorTitles":["PayloadBuilder","fromJsonString()"],"fullName":"PayloadBuilder fromJsonString() debería retornar null si estructura incorrecta","status":"passed","title":"debería retornar null si estructura incorrecta","duration":0.12452000000000396,"failureMessages":[],"meta":{}},{"ancestorTitles":["PayloadBuilder","fromJsonString()"],"fullName":"PayloadBuilder fromJsonString() debería retornar null si falta campo requerido","status":"passed","title":"debería retornar null si falta campo requerido","duration":0.1135709999999932,"failureMessages":[],"meta":{}},{"ancestorTitles":["PayloadBuilder","fromJsonString()"],"fullName":"PayloadBuilder fromJsonString() debería manejar whitespace en JSON","status":"passed","title":"debería manejar whitespace en JSON","duration":0.13754500000000291,"failureMessages":[],"meta":{}},{"ancestorTitles":["PayloadBuilder","Integración buildStudentPayload() + toJsonString() + fromJsonString()"],"fullName":"PayloadBuilder Integración buildStudentPayload() + toJsonString() + fromJsonString() debería serializar y deserializar correctamente","status":"passed","title":"debería serializar y deserializar correctamente","duration":0.18986800000000414,"failureMessages":[],"meta":{}},{"ancestorTitles":["PayloadBuilder","Integración buildFakePayload() + serialización"],"fullName":"PayloadBuilder Integración buildFakePayload() + serialización debería mantener uid=0 después de serialización","status":"passed","title":"debería mantener uid=0 después de serialización","duration":0.7980710000000073,"failureMessages":[],"meta":{}}],"startTime":1766117613699,"endTime":1766117613706.798,"status":"passed","message":"","name":"/var/www/html/hawaii/asistencia/node-service/src/backend/qr-projection/domain/services/__tests__/payload-builder.service.test.ts"},{"assertionResults":[{"ancestorTitles":["RestrictionService","checkRestrictions() - STUB Implementation"],"fullName":"RestrictionService checkRestrictions() - STUB Implementation debería retornar blocked=false para cualquier usuario (stub)","status":"passed","title":"debería retornar blocked=false para cualquier usuario (stub)","duration":0.9099550000000107,"failureMessages":[],"meta":{}},{"ancestorTitles":["RestrictionService","checkRestrictions() - STUB Implementation"],"fullName":"RestrictionService checkRestrictions() - STUB Implementation debería retornar blocked=false para múltiples usuarios","status":"passed","title":"debería retornar blocked=false para múltiples usuarios","duration":0.20503800000000183,"failureMessages":[],"meta":{}},{"ancestorTitles":["RestrictionService","checkRestrictions() - STUB Implementation"],"fullName":"RestrictionService checkRestrictions() - STUB Implementation debería ser idempotente","status":"passed","title":"debería ser idempotente","duration":0.5047950000000014,"failureMessages":[],"meta":{}},{"ancestorTitles":["RestrictionService","checkRestrictions() - STUB Implementation"],"fullName":"RestrictionService checkRestrictions() - STUB Implementation debería manejar userId 0","status":"passed","title":"debería manejar userId 0","duration":0.12351699999999255,"failureMessages":[],"meta":{}},{"ancestorTitles":["RestrictionService","checkRestrictions() - STUB Implementation"],"fullName":"RestrictionService checkRestrictions() - STUB Implementation debería manejar userId negativo","status":"passed","title":"debería manejar userId negativo","duration":0.11433599999999444,"failureMessages":[],"meta":{}},{"ancestorTitles":["RestrictionService","checkRestrictions() - STUB Implementation"],"fullName":"RestrictionService checkRestrictions() - STUB Implementation debería manejar userId muy grande","status":"passed","title":"debería manejar userId muy grande","duration":0.11734500000000025,"failureMessages":[],"meta":{}},{"ancestorTitles":["RestrictionService","Interface IRestrictionService"],"fullName":"RestrictionService Interface IRestrictionService debería implementar la interfaz IRestrictionService","status":"passed","title":"debería implementar la interfaz IRestrictionService","duration":0.15243800000000363,"failureMessages":[],"meta":{}}],"startTime":1766117618404,"endTime":1766117618406.1523,"status":"passed","message":"","name":"/var/www/html/hawaii/asistencia/node-service/src/backend/restriction/application/services/__tests__/restriction.service.test.ts"},{"assertionResults":[{"ancestorTitles":["LoginEcdhUseCase","Casos de error"],"fullName":"LoginEcdhUseCase Casos de error debe lanzar error DEVICE_NOT_FOUND si dispositivo no existe","status":"passed","title":"debe lanzar error DEVICE_NOT_FOUND si dispositivo no existe","duration":2.034881999999996,"failureMessages":[],"meta":{}},{"ancestorTitles":["LoginEcdhUseCase","Casos de error"],"fullName":"LoginEcdhUseCase Casos de error debe lanzar error DEVICE_NOT_OWNED si dispositivo pertenece a otro usuario","status":"passed","title":"debe lanzar error DEVICE_NOT_OWNED si dispositivo pertenece a otro usuario","duration":0.434543000000005,"failureMessages":[],"meta":{}},{"ancestorTitles":["LoginEcdhUseCase","Casos de error"],"fullName":"LoginEcdhUseCase Casos de error debe manejar correctamente comparación de userId cuando device.userId es string","status":"passed","title":"debe manejar correctamente comparación de userId cuando device.userId es string","duration":0.42229900000000953,"failureMessages":[],"meta":{}},{"ancestorTitles":["LoginEcdhUseCase","Casos de error"],"fullName":"LoginEcdhUseCase Casos de error debe lanzar error SESSION_NOT_ALLOWED si dispositivo está revocado","status":"passed","title":"debe lanzar error SESSION_NOT_ALLOWED si dispositivo está revocado","duration":0.31764499999999884,"failureMessages":[],"meta":{}},{"ancestorTitles":["LoginEcdhUseCase","Casos de error"],"fullName":"LoginEcdhUseCase Casos de error debe lanzar error SESSION_NOT_ALLOWED si dispositivo está pending","status":"passed","title":"debe lanzar error SESSION_NOT_ALLOWED si dispositivo está pending","duration":0.2797529999999995,"failureMessages":[],"meta":{}},{"ancestorTitles":["LoginEcdhUseCase","Flujo exitoso"],"fullName":"LoginEcdhUseCase Flujo exitoso debe derivar session_key con HKDF incluyendo credentialId","status":"passed","title":"debe derivar session_key con HKDF incluyendo credentialId","duration":1.7485120000000052,"failureMessages":[],"meta":{}},{"ancestorTitles":["LoginEcdhUseCase","Flujo exitoso"],"fullName":"LoginEcdhUseCase Flujo exitoso debe guardar session_key en Valkey con TTL de 7200 segundos (2 horas)","status":"passed","title":"debe guardar session_key en Valkey con TTL de 7200 segundos (2 horas)","duration":0.7844559999999916,"failureMessages":[],"meta":{}},{"ancestorTitles":["LoginEcdhUseCase","Flujo exitoso"],"fullName":"LoginEcdhUseCase Flujo exitoso debe generar TOTPu con handshake_secret del dispositivo","status":"passed","title":"debe generar TOTPu con handshake_secret del dispositivo","duration":0.2971509999999995,"failureMessages":[],"meta":{}},{"ancestorTitles":["LoginEcdhUseCase","Flujo exitoso"],"fullName":"LoginEcdhUseCase Flujo exitoso debe actualizar last_used_at del dispositivo","status":"passed","title":"debe actualizar last_used_at del dispositivo","duration":0.3262100000000032,"failureMessages":[],"meta":{}},{"ancestorTitles":["LoginEcdhUseCase","Flujo exitoso"],"fullName":"LoginEcdhUseCase Flujo exitoso debe retornar serverPublicKey, TOTPu y deviceId","status":"passed","title":"debe retornar serverPublicKey, TOTPu y deviceId","duration":0.3096270000000061,"failureMessages":[],"meta":{}},{"ancestorTitles":["LoginEcdhUseCase","Flujo exitoso"],"fullName":"LoginEcdhUseCase Flujo exitoso debe vincular session_key al dispositivo específico (1:1)","status":"passed","title":"debe vincular session_key al dispositivo específico (1:1)","duration":0.25697499999999707,"failureMessages":[],"meta":{}},{"ancestorTitles":["LoginEcdhUseCase","Integracion ECDH + HKDF"],"fullName":"LoginEcdhUseCase Integracion ECDH + HKDF debe usar sharedSecret de ECDH como input para HKDF","status":"passed","title":"debe usar sharedSecret de ECDH como input para HKDF","duration":0.6373329999999982,"failureMessages":[],"meta":{}},{"ancestorTitles":["LoginEcdhUseCase","Integracion ECDH + HKDF"],"fullName":"LoginEcdhUseCase Integracion ECDH + HKDF debe derivar session_keys diferentes para diferentes credentialId (binding)","status":"passed","title":"debe derivar session_keys diferentes para diferentes credentialId (binding)","duration":0.42570500000000777,"failureMessages":[],"meta":{}},{"ancestorTitles":["LoginEcdhUseCase","Validacion de estado del dispositivo"],"fullName":"LoginEcdhUseCase Validacion de estado del dispositivo debe permitir login solo si dispositivo está enrolled","status":"passed","title":"debe permitir login solo si dispositivo está enrolled","duration":0.264246,"failureMessages":[],"meta":{}},{"ancestorTitles":["LoginEcdhUseCase","Validacion de estado del dispositivo"],"fullName":"LoginEcdhUseCase Validacion de estado del dispositivo debe rechazar login si dispositivo no está en estado válido","status":"passed","title":"debe rechazar login si dispositivo no está en estado válido","duration":0.4928429999999935,"failureMessages":[],"meta":{}},{"ancestorTitles":["LoginEcdhUseCase","Manejo de timestamps"],"fullName":"LoginEcdhUseCase Manejo de timestamps debe incluir createdAt en session_key guardada","status":"passed","title":"debe incluir createdAt en session_key guardada","duration":0.32670399999999233,"failureMessages":[],"meta":{}}],"startTime":1766117615678,"endTime":1766117615688.3267,"status":"passed","message":"","name":"/var/www/html/hawaii/asistencia/node-service/src/backend/session/application/use-cases/__tests__/login-ecdh.use-case.test.ts"},{"assertionResults":[{"ancestorTitles":["SessionKeyRepository - Tests Críticos de Persistencia","save() - Guardar session_key"],"fullName":"SessionKeyRepository - Tests Críticos de Persistencia save() - Guardar session_key Debe guardar session_key en Valkey con TTL por defecto (7200s)","status":"passed","title":"Debe guardar session_key en Valkey con TTL por defecto (7200s)","duration":2.5934110000000032,"failureMessages":[],"meta":{}},{"ancestorTitles":["SessionKeyRepository - Tests Críticos de Persistencia","save() - Guardar session_key"],"fullName":"SessionKeyRepository - Tests Críticos de Persistencia save() - Guardar session_key Debe guardar session_key con TTL personalizado","status":"passed","title":"Debe guardar session_key con TTL personalizado","duration":0.35981599999999503,"failureMessages":[],"meta":{}},{"ancestorTitles":["SessionKeyRepository - Tests Críticos de Persistencia","save() - Guardar session_key"],"fullName":"SessionKeyRepository - Tests Críticos de Persistencia save() - Guardar session_key Debe serializar Buffer sessionKey como base64","status":"passed","title":"Debe serializar Buffer sessionKey como base64","duration":0.2714909999999975,"failureMessages":[],"meta":{}},{"ancestorTitles":["SessionKeyRepository - Tests Críticos de Persistencia","save() - Guardar session_key"],"fullName":"SessionKeyRepository - Tests Críticos de Persistencia save() - Guardar session_key Debe sobrescribir session_key existente (re-login)","status":"passed","title":"Debe sobrescribir session_key existente (re-login)","duration":0.30978600000000256,"failureMessages":[],"meta":{}},{"ancestorTitles":["SessionKeyRepository - Tests Críticos de Persistencia","findByUserId() - Buscar session_key"],"fullName":"SessionKeyRepository - Tests Críticos de Persistencia findByUserId() - Buscar session_key Debe retornar session_key cuando existe","status":"passed","title":"Debe retornar session_key cuando existe","duration":0.4680039999999934,"failureMessages":[],"meta":{}},{"ancestorTitles":["SessionKeyRepository - Tests Críticos de Persistencia","findByUserId() - Buscar session_key"],"fullName":"SessionKeyRepository - Tests Críticos de Persistencia findByUserId() - Buscar session_key Debe retornar null cuando no existe session_key","status":"passed","title":"Debe retornar null cuando no existe session_key","duration":0.23326299999999378,"failureMessages":[],"meta":{}},{"ancestorTitles":["SessionKeyRepository - Tests Críticos de Persistencia","findByUserId() - Buscar session_key"],"fullName":"SessionKeyRepository - Tests Críticos de Persistencia findByUserId() - Buscar session_key Debe deserializar correctamente números desde strings","status":"passed","title":"Debe deserializar correctamente números desde strings","duration":0.36491900000000044,"failureMessages":[],"meta":{}},{"ancestorTitles":["SessionKeyRepository - Tests Críticos de Persistencia","findByUserId() - Buscar session_key"],"fullName":"SessionKeyRepository - Tests Críticos de Persistencia findByUserId() - Buscar session_key Debe reconstruir Buffer desde base64 correctamente","status":"passed","title":"Debe reconstruir Buffer desde base64 correctamente","duration":0.30404900000000623,"failureMessages":[],"meta":{}},{"ancestorTitles":["SessionKeyRepository - Tests Críticos de Persistencia","delete() - Eliminar session_key"],"fullName":"SessionKeyRepository - Tests Críticos de Persistencia delete() - Eliminar session_key Debe eliminar session_key de Valkey","status":"passed","title":"Debe eliminar session_key de Valkey","duration":0.2815619999999939,"failureMessages":[],"meta":{}},{"ancestorTitles":["SessionKeyRepository - Tests Críticos de Persistencia","delete() - Eliminar session_key"],"fullName":"SessionKeyRepository - Tests Críticos de Persistencia delete() - Eliminar session_key Debe manejar eliminación de key inexistente sin error","status":"passed","title":"Debe manejar eliminación de key inexistente sin error","duration":0.6984250000000003,"failureMessages":[],"meta":{}},{"ancestorTitles":["SessionKeyRepository - Tests Críticos de Persistencia","buildKey() - Construcción de keys"],"fullName":"SessionKeyRepository - Tests Críticos de Persistencia buildKey() - Construcción de keys Debe construir key con formato correcto","status":"passed","title":"Debe construir key con formato correcto","duration":0.2919989999999899,"failureMessages":[],"meta":{}},{"ancestorTitles":["SessionKeyRepository - Tests Críticos de Persistencia","buildKey() - Construcción de keys"],"fullName":"SessionKeyRepository - Tests Críticos de Persistencia buildKey() - Construcción de keys Debe generar keys únicas para diferentes usuarios","status":"passed","title":"Debe generar keys únicas para diferentes usuarios","duration":0.3803620000000052,"failureMessages":[],"meta":{}},{"ancestorTitles":["SessionKeyRepository - Tests Críticos de Persistencia","Flujo completo: save -> find -> delete"],"fullName":"SessionKeyRepository - Tests Críticos de Persistencia Flujo completo: save -> find -> delete Debe completar ciclo de vida de session_key","status":"passed","title":"Debe completar ciclo de vida de session_key","duration":0.35747100000000387,"failureMessages":[],"meta":{}}],"startTime":1766117613129,"endTime":1766117613136.3804,"status":"passed","message":"","name":"/var/www/html/hawaii/asistencia/node-service/src/backend/session/infrastructure/repositories/__tests__/session-key.repository.test.ts"},{"assertionResults":[{"ancestorTitles":["DecryptStage","Desencriptación con session_key del estudiante"],"fullName":"DecryptStage Desencriptación con session_key del estudiante usa session_key real cuando existe en Valkey","status":"passed","title":"usa session_key real cuando existe en Valkey","duration":2.874592000000007,"failureMessages":[],"meta":{}},{"ancestorTitles":["DecryptStage","Desencriptación con session_key del estudiante"],"fullName":"DecryptStage Desencriptación con session_key del estudiante desencripta correctamente StudentResponse con session_key real","status":"passed","title":"desencripta correctamente StudentResponse con session_key real","duration":0.44608399999999904,"failureMessages":[],"meta":{}},{"ancestorTitles":["DecryptStage","Fallback a mock key cuando no existe session_key"],"fullName":"DecryptStage Fallback a mock key cuando no existe session_key usa fallbackAesGcmService cuando no hay session_key en Valkey","status":"passed","title":"usa fallbackAesGcmService cuando no hay session_key en Valkey","duration":0.36670099999999195,"failureMessages":[],"meta":{}},{"ancestorTitles":["DecryptStage","Fallback a mock key cuando no existe session_key"],"fullName":"DecryptStage Fallback a mock key cuando no existe session_key desencripta correctamente con fallback en modo desarrollo","status":"passed","title":"desencripta correctamente con fallback en modo desarrollo","duration":0.3296320000000037,"failureMessages":[],"meta":{}},{"ancestorTitles":["DecryptStage","Manejo de errores de formato y desencriptación"],"fullName":"DecryptStage Manejo de errores de formato y desencriptación retorna error INVALID_FORMAT si el payload no es válido","status":"passed","title":"retorna error INVALID_FORMAT si el payload no es válido","duration":0.3434120000000007,"failureMessages":[],"meta":{}},{"ancestorTitles":["DecryptStage","Manejo de errores de formato y desencriptación"],"fullName":"DecryptStage Manejo de errores de formato y desencriptación retorna error DECRYPTION_FAILED si no puede desencriptar","status":"passed","title":"retorna error DECRYPTION_FAILED si no puede desencriptar","duration":0.3811359999999979,"failureMessages":[],"meta":{}},{"ancestorTitles":["DecryptStage","Manejo de errores de formato y desencriptación"],"fullName":"DecryptStage Manejo de errores de formato y desencriptación retorna error DECRYPTION_FAILED si el JSON no es parseable","status":"passed","title":"retorna error DECRYPTION_FAILED si el JSON no es parseable","duration":0.3227110000000124,"failureMessages":[],"meta":{}},{"ancestorTitles":["DecryptStage","STUB_MODE: conversión de QRPayloadV1 a StudentResponse"],"fullName":"DecryptStage STUB_MODE: conversión de QRPayloadV1 a StudentResponse convierte QRPayloadV1 del servidor a StudentResponse en STUB_MODE","status":"passed","title":"convierte QRPayloadV1 del servidor a StudentResponse en STUB_MODE","duration":0.3141999999999996,"failureMessages":[],"meta":{}},{"ancestorTitles":["DecryptStage","STUB_MODE: conversión de QRPayloadV1 a StudentResponse"],"fullName":"DecryptStage STUB_MODE: conversión de QRPayloadV1 a StudentResponse procesa StudentResponse normal en STUB_MODE sin conversión","status":"passed","title":"procesa StudentResponse normal en STUB_MODE sin conversión","duration":0.3139600000000087,"failureMessages":[],"meta":{}},{"ancestorTitles":["DecryptStage","STUB_MODE: conversión de QRPayloadV1 a StudentResponse"],"fullName":"DecryptStage STUB_MODE: conversión de QRPayloadV1 a StudentResponse solo convierte a StudentResponse si el payload es QRPayloadV1 válido","status":"passed","title":"solo convierte a StudentResponse si el payload es QRPayloadV1 válido","duration":0.34166799999999853,"failureMessages":[],"meta":{}},{"ancestorTitles":["DecryptStage","Integración con SessionKeyQuery"],"fullName":"DecryptStage Integración con SessionKeyQuery llama findByUserId con el studentId correcto","status":"passed","title":"llama findByUserId con el studentId correcto","duration":0.3276869999999974,"failureMessages":[],"meta":{}},{"ancestorTitles":["DecryptStage","Integración con SessionKeyQuery"],"fullName":"DecryptStage Integración con SessionKeyQuery crea nueva instancia de AesGcmService con session_key específica","status":"passed","title":"crea nueva instancia de AesGcmService con session_key específica","duration":0.35310900000001766,"failureMessages":[],"meta":{}}],"startTime":1766117612209,"endTime":1766117612216.353,"status":"passed","message":"","name":"/var/www/html/hawaii/asistencia/node-service/src/backend/attendance/domain/validation-pipeline/stages/__tests__/decrypt.stage.test.ts"}]}