{"numTotalTestSuites":352,"numPassedTestSuites":352,"numFailedTestSuites":0,"numPendingTestSuites":0,"numTotalTests":729,"numPassedTests":727,"numFailedTests":0,"numPendingTests":2,"numTodoTests":0,"snapshot":{"added":0,"failure":false,"filesAdded":0,"filesRemoved":0,"filesRemovedList":[],"filesUnmatched":0,"filesUpdated":0,"matched":0,"total":0,"unchecked":0,"uncheckedKeysByFile":[],"unmatched":0,"updated":0,"didUpdate":false},"startTime":1766116807553,"success":true,"testResults":[{"assertionResults":[{"ancestorTitles":["Flujo Completo: Enrollment + Login","Flujo de Enrollment Exitoso"],"fullName":"Flujo Completo: Enrollment + Login Flujo de Enrollment Exitoso PASO 1: Debe iniciar enrollment y retornar challenge WebAuthn","status":"passed","title":"PASO 1: Debe iniciar enrollment y retornar challenge WebAuthn","duration":3.7732230000000015,"failureMessages":[],"meta":{}},{"ancestorTitles":["Flujo Completo: Enrollment + Login","Flujo de Enrollment Exitoso"],"fullName":"Flujo Completo: Enrollment + Login Flujo de Enrollment Exitoso PASO 2: Debe finalizar enrollment y registrar dispositivo","status":"passed","title":"PASO 2: Debe finalizar enrollment y registrar dispositivo","duration":1.140355999999997,"failureMessages":[],"meta":{}},{"ancestorTitles":["Flujo Completo: Enrollment + Login","Flujo de Enrollment Exitoso"],"fullName":"Flujo Completo: Enrollment + Login Flujo de Enrollment Exitoso PASO 3: Debe generar session_key único durante enrollment","status":"passed","title":"PASO 3: Debe generar session_key único durante enrollment","duration":0.8382260000000201,"failureMessages":[],"meta":{}},{"ancestorTitles":["Flujo Completo: Enrollment + Login","Flujo de Enrollment Exitoso"],"fullName":"Flujo Completo: Enrollment + Login Flujo de Enrollment Exitoso ERROR: Debe lanzar error cuando falla la verificación de WebAuthn (catch block)","status":"passed","title":"ERROR: Debe lanzar error cuando falla la verificación de WebAuthn (catch block)","duration":2.6626449999999977,"failureMessages":[],"meta":{}},{"ancestorTitles":["Flujo Completo: Enrollment + Login","Flujo de Enrollment Exitoso"],"fullName":"Flujo Completo: Enrollment + Login Flujo de Enrollment Exitoso ERROR: Debe lanzar error cuando verified=false","status":"passed","title":"ERROR: Debe lanzar error cuando verified=false","duration":0.5623960000000068,"failureMessages":[],"meta":{}},{"ancestorTitles":["Flujo Completo: Enrollment + Login","Flujo de Enrollment Exitoso"],"fullName":"Flujo Completo: Enrollment + Login Flujo de Enrollment Exitoso ERROR: Debe lanzar CHALLENGE_NOT_FOUND cuando no existe challenge","status":"passed","title":"ERROR: Debe lanzar CHALLENGE_NOT_FOUND cuando no existe challenge","duration":0.5146109999999737,"failureMessages":[],"meta":{}},{"ancestorTitles":["Flujo Completo: Enrollment + Login","Flujo de Enrollment Exitoso"],"fullName":"Flujo Completo: Enrollment + Login Flujo de Enrollment Exitoso ERROR: Debe lanzar CHALLENGE_EXPIRED cuando el challenge ha expirado","status":"passed","title":"ERROR: Debe lanzar CHALLENGE_EXPIRED cuando el challenge ha expirado","duration":0.5974520000000041,"failureMessages":[],"meta":{}},{"ancestorTitles":["Flujo Completo: Enrollment + Login","Flujo de Enrollment Exitoso"],"fullName":"Flujo Completo: Enrollment + Login Flujo de Enrollment Exitoso ERROR: Debe manejar error sin message (Unknown error)","status":"passed","title":"ERROR: Debe manejar error sin message (Unknown error)","duration":0.5440250000000049,"failureMessages":[],"meta":{}},{"ancestorTitles":["Flujo Completo: Enrollment + Login","Flujo de Enrollment Exitoso"],"fullName":"Flujo Completo: Enrollment + Login Flujo de Enrollment Exitoso ERROR: Debe lanzar error cuando AAGUID no está autorizado","status":"passed","title":"ERROR: Debe lanzar error cuando AAGUID no está autorizado","duration":0.5622889999999927,"failureMessages":[],"meta":{}},{"ancestorTitles":["Flujo Completo: Enrollment + Login","Flujo de Login ECDH Exitoso"],"fullName":"Flujo Completo: Enrollment + Login Flujo de Login ECDH Exitoso PASO 1: Debe establecer sesión con ECDH key exchange","status":"passed","title":"PASO 1: Debe establecer sesión con ECDH key exchange","duration":0.8252310000000023,"failureMessages":[],"meta":{}},{"ancestorTitles":["Flujo Completo: Enrollment + Login","Flujo de Login ECDH Exitoso"],"fullName":"Flujo Completo: Enrollment + Login Flujo de Login ECDH Exitoso PASO 2: Debe guardar nueva session_key en cada login","status":"passed","title":"PASO 2: Debe guardar nueva session_key en cada login","duration":0.586748,"failureMessages":[],"meta":{}},{"ancestorTitles":["Flujo Completo: Enrollment + Login","Flujo de Login ECDH Exitoso"],"fullName":"Flujo Completo: Enrollment + Login Flujo de Login ECDH Exitoso PASO 3: Debe generar diferentes session_keys en logins consecutivos","status":"passed","title":"PASO 3: Debe generar diferentes session_keys en logins consecutivos","duration":0.8840710000000058,"failureMessages":[],"meta":{}},{"ancestorTitles":["Flujo Completo: Enrollment + Login","Flujo de Login ECDH Exitoso"],"fullName":"Flujo Completo: Enrollment + Login Flujo de Login ECDH Exitoso PASO 4: Debe fallar login con credentialId incorrecto","status":"passed","title":"PASO 4: Debe fallar login con credentialId incorrecto","duration":0.7755280000000084,"failureMessages":[],"meta":{}},{"ancestorTitles":["Flujo Completo: Enrollment + Login","Flujo de Login ECDH Exitoso"],"fullName":"Flujo Completo: Enrollment + Login Flujo de Login ECDH Exitoso PASO 5: Debe fallar login si el dispositivo fue revocado","status":"passed","title":"PASO 5: Debe fallar login si el dispositivo fue revocado","duration":2.030635999999987,"failureMessages":[],"meta":{}},{"ancestorTitles":["Flujo Completo: Enrollment + Login","Validaciones de Seguridad"],"fullName":"Flujo Completo: Enrollment + Login Validaciones de Seguridad Debe rechazar login de dispositivo de otro usuario","status":"passed","title":"Debe rechazar login de dispositivo de otro usuario","duration":0.5392989999999998,"failureMessages":[],"meta":{}},{"ancestorTitles":["Flujo Completo: Enrollment + Login","Validaciones de Seguridad"],"fullName":"Flujo Completo: Enrollment + Login Validaciones de Seguridad Debe manejar correctamente userId como string (BUG-002)","status":"passed","title":"Debe manejar correctamente userId como string (BUG-002)","duration":0.5314589999999839,"failureMessages":[],"meta":{}},{"ancestorTitles":["Flujo Completo: Enrollment + Login","Start Enrollment con dispositivos existentes (excludeCredentials)"],"fullName":"Flujo Completo: Enrollment + Login Start Enrollment con dispositivos existentes (excludeCredentials) Debe incluir dispositivos existentes en excludeCredentials para evitar re-registro","status":"passed","title":"Debe incluir dispositivos existentes en excludeCredentials para evitar re-registro","duration":1.0203799999999887,"failureMessages":[],"meta":{}}],"startTime":1766116807749,"endTime":1766116807767.0203,"status":"passed","message":"","name":"/var/www/html/hawaii/asistencia/node-service/src/backend/__tests__/enrollment-login-flow.integration.test.ts"},{"assertionResults":[{"ancestorTitles":["AccessGatewayService","getState"],"fullName":"AccessGatewayService getState returns BLOCKED when user has active restrictions","status":"passed","title":"returns BLOCKED when user has active restrictions","duration":2.41198,"failureMessages":[],"meta":{}},{"ancestorTitles":["AccessGatewayService","getState"],"fullName":"AccessGatewayService getState returns NOT_ENROLLED when user has no active device (REQUIRES_ENROLLMENT)","status":"passed","title":"returns NOT_ENROLLED when user has no active device (REQUIRES_ENROLLMENT)","duration":0.5027429999999953,"failureMessages":[],"meta":{}},{"ancestorTitles":["AccessGatewayService","getState"],"fullName":"AccessGatewayService getState returns NOT_ENROLLED with message when user violates 1:1 policy (REQUIRES_REENROLLMENT)","status":"passed","title":"returns NOT_ENROLLED with message when user violates 1:1 policy (REQUIRES_REENROLLMENT)","duration":0.5436570000000103,"failureMessages":[],"meta":{}},{"ancestorTitles":["AccessGatewayService","getState"],"fullName":"AccessGatewayService getState returns ENROLLED_NO_SESSION when user has device but no session (ACCESS_GRANTED)","status":"passed","title":"returns ENROLLED_NO_SESSION when user has device but no session (ACCESS_GRANTED)","duration":0.48275700000000654,"failureMessages":[],"meta":{}},{"ancestorTitles":["AccessGatewayService","getState"],"fullName":"AccessGatewayService getState returns READY when user has active session (ACCESS_GRANTED + session)","status":"passed","title":"returns READY when user has active session (ACCESS_GRANTED + session)","duration":0.3968070000000097,"failureMessages":[],"meta":{}},{"ancestorTitles":["AccessGatewayService","getState"],"fullName":"AccessGatewayService getState passes deviceFingerprint to orchestrator for 1:1 validation","status":"passed","title":"passes deviceFingerprint to orchestrator for 1:1 validation","duration":0.22361999999999682,"failureMessages":[],"meta":{}},{"ancestorTitles":["AccessGatewayService","getState"],"fullName":"AccessGatewayService getState includes device info when ACCESS_GRANTED","status":"passed","title":"includes device info when ACCESS_GRANTED","duration":0.25754499999999325,"failureMessages":[],"meta":{}},{"ancestorTitles":["AccessGatewayService","getState"],"fullName":"AccessGatewayService getState does not include message when state is not BLOCKED","status":"passed","title":"does not include message when state is not BLOCKED","duration":0.1840480000000042,"failureMessages":[],"meta":{}},{"ancestorTitles":["AccessGatewayService","idempotence"],"fullName":"AccessGatewayService idempotence returns same result for same user state","status":"passed","title":"returns same result for same user state","duration":0.23850900000000763,"failureMessages":[],"meta":{}}],"startTime":1766116812300,"endTime":1766116812305.2576,"status":"passed","message":"","name":"/var/www/html/hawaii/asistencia/node-service/src/backend/access/__tests__/access-gateway.service.test.ts"},{"assertionResults":[{"ancestorTitles":["AccessStateController","Validaciones de entrada"],"fullName":"AccessStateController Validaciones de entrada debería retornar 401 si no hay usuario autenticado","status":"passed","title":"debería retornar 401 si no hay usuario autenticado","duration":2.4369219999999956,"failureMessages":[],"meta":{}},{"ancestorTitles":["AccessStateController","Validaciones de entrada"],"fullName":"AccessStateController Validaciones de entrada debería retornar 400 si falta deviceFingerprint","status":"passed","title":"debería retornar 400 si falta deviceFingerprint","duration":0.31651899999999955,"failureMessages":[],"meta":{}},{"ancestorTitles":["AccessStateController","Validaciones de entrada"],"fullName":"AccessStateController Validaciones de entrada debería retornar 400 si deviceFingerprint es undefined","status":"passed","title":"debería retornar 400 si deviceFingerprint es undefined","duration":0.26974400000000287,"failureMessages":[],"meta":{}},{"ancestorTitles":["AccessStateController","Casos de éxito - estados del sistema"],"fullName":"AccessStateController Casos de éxito - estados del sistema debería retornar estado BLOCKED si usuario está bloqueado","status":"passed","title":"debería retornar estado BLOCKED si usuario está bloqueado","duration":0.41212699999999813,"failureMessages":[],"meta":{}},{"ancestorTitles":["AccessStateController","Casos de éxito - estados del sistema"],"fullName":"AccessStateController Casos de éxito - estados del sistema debería retornar estado NOT_ENROLLED con action=enroll","status":"passed","title":"debería retornar estado NOT_ENROLLED con action=enroll","duration":0.2756080000000054,"failureMessages":[],"meta":{}},{"ancestorTitles":["AccessStateController","Casos de éxito - estados del sistema"],"fullName":"AccessStateController Casos de éxito - estados del sistema debería retornar estado ENROLLED_NO_SESSION con action=login y device","status":"passed","title":"debería retornar estado ENROLLED_NO_SESSION con action=login y device","duration":0.28773200000000543,"failureMessages":[],"meta":{}},{"ancestorTitles":["AccessStateController","Casos de éxito - estados del sistema"],"fullName":"AccessStateController Casos de éxito - estados del sistema debería retornar estado READY con action=scan y device","status":"passed","title":"debería retornar estado READY con action=scan y device","duration":0.2646879999999925,"failureMessages":[],"meta":{}},{"ancestorTitles":["AccessStateController","Casos de éxito - estados del sistema"],"fullName":"AccessStateController Casos de éxito - estados del sistema debería retornar estado NOT_ENROLLED con mensaje de re-enrollment","status":"passed","title":"debería retornar estado NOT_ENROLLED con mensaje de re-enrollment","duration":0.24692799999999693,"failureMessages":[],"meta":{}},{"ancestorTitles":["AccessStateController","Manejo de errores internos"],"fullName":"AccessStateController Manejo de errores internos debería retornar 500 si el servicio lanza error","status":"passed","title":"debería retornar 500 si el servicio lanza error","duration":2.9151290000000074,"failureMessages":[],"meta":{}},{"ancestorTitles":["AccessStateController","Manejo de errores internos"],"fullName":"AccessStateController Manejo de errores internos debería retornar 500 si el servicio lanza error genérico","status":"passed","title":"debería retornar 500 si el servicio lanza error genérico","duration":0.5072790000000111,"failureMessages":[],"meta":{}}],"startTime":1766116813348,"endTime":1766116813356.5073,"status":"passed","message":"","name":"/var/www/html/hawaii/asistencia/node-service/src/backend/access/__tests__/access-state.controller.test.ts"},{"assertionResults":[{"ancestorTitles":["AttendancePersistenceService","saveValidationAttempt()"],"fullName":"AttendancePersistenceService saveValidationAttempt() debería crear y completar una nueva validación","status":"passed","title":"debería crear y completar una nueva validación","duration":3.0074710000000096,"failureMessages":[],"meta":{}},{"ancestorTitles":["AttendancePersistenceService","saveValidationAttempt()"],"fullName":"AttendancePersistenceService saveValidationAttempt() debería completar una validación existente (sin crear nueva)","status":"passed","title":"debería completar una validación existente (sin crear nueva)","duration":0.5582720000000023,"failureMessages":[],"meta":{}},{"ancestorTitles":["AttendancePersistenceService","saveValidationAttempt()"],"fullName":"AttendancePersistenceService saveValidationAttempt() NO debería fallar si sessionId no es numérico","status":"passed","title":"NO debería fallar si sessionId no es numérico","duration":1.2867859999999922,"failureMessages":[],"meta":{}},{"ancestorTitles":["AttendancePersistenceService","saveValidationAttempt()"],"fullName":"AttendancePersistenceService saveValidationAttempt() NO debería fallar si no existe registración","status":"passed","title":"NO debería fallar si no existe registración","duration":0.41882900000000234,"failureMessages":[],"meta":{}},{"ancestorTitles":["AttendancePersistenceService","saveAttendanceResult()"],"fullName":"AttendancePersistenceService saveAttendanceResult() debería guardar resultado PRESENT con certeza alta","status":"passed","title":"debería guardar resultado PRESENT con certeza alta","duration":0.4610500000000002,"failureMessages":[],"meta":{}},{"ancestorTitles":["AttendancePersistenceService","saveAttendanceResult()"],"fullName":"AttendancePersistenceService saveAttendanceResult() debería guardar resultado DOUBTFUL con certeza media","status":"passed","title":"debería guardar resultado DOUBTFUL con certeza media","duration":0.36595699999999454,"failureMessages":[],"meta":{}},{"ancestorTitles":["AttendancePersistenceService","saveAttendanceResult()"],"fullName":"AttendancePersistenceService saveAttendanceResult() debería guardar resultado ABSENT con certeza baja","status":"passed","title":"debería guardar resultado ABSENT con certeza baja","duration":0.33510600000001034,"failureMessages":[],"meta":{}},{"ancestorTitles":["AttendancePersistenceService","saveAttendanceResult()"],"fullName":"AttendancePersistenceService saveAttendanceResult() NO debería duplicar resultado si ya existe (idempotencia)","status":"passed","title":"NO debería duplicar resultado si ya existe (idempotencia)","duration":0.29480599999999413,"failureMessages":[],"meta":{}},{"ancestorTitles":["AttendancePersistenceService","saveAttendanceResult()"],"fullName":"AttendancePersistenceService saveAttendanceResult() debería usar estadísticas reales desde validation_attempts","status":"passed","title":"debería usar estadísticas reales desde validation_attempts","duration":0.35088900000000933,"failureMessages":[],"meta":{}},{"ancestorTitles":["AttendancePersistenceService","markRegistrationComplete()"],"fullName":"AttendancePersistenceService markRegistrationComplete() debería marcar registración como completada","status":"passed","title":"debería marcar registración como completada","duration":0.48699200000000076,"failureMessages":[],"meta":{}},{"ancestorTitles":["AttendancePersistenceService","markRegistrationComplete()"],"fullName":"AttendancePersistenceService markRegistrationComplete() NO debería fallar si no existe registración","status":"passed","title":"NO debería fallar si no existe registración","duration":0.34735299999999825,"failureMessages":[],"meta":{}},{"ancestorTitles":["AttendancePersistenceService","saveCompleteAttendance() - operación atómica"],"fullName":"AttendancePersistenceService saveCompleteAttendance() - operación atómica debería guardar validación + resultado + marcar completado","status":"passed","title":"debería guardar validación + resultado + marcar completado","duration":1.1978579999999965,"failureMessages":[],"meta":{}}],"startTime":1766116809798,"endTime":1766116809807.1978,"status":"passed","message":"","name":"/var/www/html/hawaii/asistencia/node-service/src/backend/attendance/__tests__/attendance-persistence.service.test.ts"},{"assertionResults":[{"ancestorTitles":["CompleteScanUseCase","execute() - Validación fallida"],"fullName":"CompleteScanUseCase execute() - Validación fallida debería retornar error si la validación falla por QR_NOT_FOUND","status":"passed","title":"debería retornar error si la validación falla por QR_NOT_FOUND","duration":1.622747000000004,"failureMessages":[],"meta":{}},{"ancestorTitles":["CompleteScanUseCase","execute() - Validación fallida"],"fullName":"CompleteScanUseCase execute() - Validación fallida debería retornar error si el QR ya fue consumido","status":"passed","title":"debería retornar error si el QR ya fue consumido","duration":0.3780139999999932,"failureMessages":[],"meta":{}},{"ancestorTitles":["CompleteScanUseCase","execute() - Validación fallida"],"fullName":"CompleteScanUseCase execute() - Validación fallida debería retornar error si el usuario no coincide (USER_MISMATCH)","status":"passed","title":"debería retornar error si el usuario no coincide (USER_MISMATCH)","duration":0.37372799999999984,"failureMessages":[],"meta":{}},{"ancestorTitles":["CompleteScanUseCase","execute() - Validación exitosa pero falla markQRConsumed"],"fullName":"CompleteScanUseCase execute() - Validación exitosa pero falla markQRConsumed debería retornar error si markQRConsumed falla","status":"passed","title":"debería retornar error si markQRConsumed falla","duration":0.36662299999998993,"failureMessages":[],"meta":{}},{"ancestorTitles":["CompleteScanUseCase","execute() - Validación exitosa pero falla markQRConsumed"],"fullName":"CompleteScanUseCase execute() - Validación exitosa pero falla markQRConsumed debería retornar error si markQRConsumed lanza excepción","status":"passed","title":"debería retornar error si markQRConsumed lanza excepción","duration":3.8262189999999947,"failureMessages":[],"meta":{}},{"ancestorTitles":["CompleteScanUseCase","execute() - Validación exitosa pero falla completeRound"],"fullName":"CompleteScanUseCase execute() - Validación exitosa pero falla completeRound debería retornar error si completeRound falla","status":"passed","title":"debería retornar error si completeRound falla","duration":0.6475240000000042,"failureMessages":[],"meta":{}},{"ancestorTitles":["CompleteScanUseCase","execute() - Round parcial (no completó todos)"],"fullName":"CompleteScanUseCase execute() - Round parcial (no completó todos) debería retornar nextRound si completó round 1 de 3","status":"passed","title":"debería retornar nextRound si completó round 1 de 3","duration":2.1881060000000048,"failureMessages":[],"meta":{}},{"ancestorTitles":["CompleteScanUseCase","execute() - Round parcial (no completó todos)"],"fullName":"CompleteScanUseCase execute() - Round parcial (no completó todos) debería retornar error parcial si falla generateAndPublish","status":"passed","title":"debería retornar error parcial si falla generateAndPublish","duration":0.4456830000000025,"failureMessages":[],"meta":{}},{"ancestorTitles":["CompleteScanUseCase","execute() - Asistencia completada (todos los rounds)"],"fullName":"CompleteScanUseCase execute() - Asistencia completada (todos los rounds) debería calcular stats y retornar isComplete=true","status":"passed","title":"debería calcular stats y retornar isComplete=true","duration":0.5053840000000207,"failureMessages":[],"meta":{}},{"ancestorTitles":["CompleteScanUseCase","Persistencia opcional"],"fullName":"CompleteScanUseCase Persistencia opcional NO debería fallar si persistenceService no está configurado","status":"passed","title":"NO debería fallar si persistenceService no está configurado","duration":0.2655199999999809,"failureMessages":[],"meta":{}}],"startTime":1766116810373,"endTime":1766116810384.2656,"status":"passed","message":"","name":"/var/www/html/hawaii/asistencia/node-service/src/backend/attendance/__tests__/complete-scan.usecase.test.ts"},{"assertionResults":[{"ancestorTitles":["RegistrationRepository","create()"],"fullName":"RegistrationRepository create() debería crear una registración con queue_position auto-calculado (primer estudiante)","status":"passed","title":"debería crear una registración con queue_position auto-calculado (primer estudiante)","duration":2.987099000000015,"failureMessages":[],"meta":{}},{"ancestorTitles":["RegistrationRepository","create()"],"fullName":"RegistrationRepository create() debería crear una registración con queue_position auto-calculado (segundo estudiante)","status":"passed","title":"debería crear una registración con queue_position auto-calculado (segundo estudiante)","duration":0.2136380000000031,"failureMessages":[],"meta":{}},{"ancestorTitles":["RegistrationRepository","create()"],"fullName":"RegistrationRepository create() debería crear registración con queue_position 5 cuando hay 4 estudiantes","status":"passed","title":"debería crear registración con queue_position 5 cuando hay 4 estudiantes","duration":0.16978300000002378,"failureMessages":[],"meta":{}},{"ancestorTitles":["RegistrationRepository","getById()"],"fullName":"RegistrationRepository getById() debería retornar una registración por ID","status":"passed","title":"debería retornar una registración por ID","duration":0.4346170000000029,"failureMessages":[],"meta":{}},{"ancestorTitles":["RegistrationRepository","getById()"],"fullName":"RegistrationRepository getById() debería retornar null si no existe la registración","status":"passed","title":"debería retornar null si no existe la registración","duration":0.17092299999998772,"failureMessages":[],"meta":{}},{"ancestorTitles":["RegistrationRepository","getBySessionAndUser()"],"fullName":"RegistrationRepository getBySessionAndUser() debería retornar registración por sessionId y userId","status":"passed","title":"debería retornar registración por sessionId y userId","duration":0.32386900000000196,"failureMessages":[],"meta":{}},{"ancestorTitles":["RegistrationRepository","getBySessionAndUser()"],"fullName":"RegistrationRepository getBySessionAndUser() debería retornar null si no existe registración para esa combinación","status":"passed","title":"debería retornar null si no existe registración para esa combinación","duration":0.16667599999999538,"failureMessages":[],"meta":{}},{"ancestorTitles":["RegistrationRepository","updateStatus()"],"fullName":"RegistrationRepository updateStatus() debería actualizar el status a \"completed\"","status":"passed","title":"debería actualizar el status a \"completed\"","duration":0.2980620000000158,"failureMessages":[],"meta":{}},{"ancestorTitles":["RegistrationRepository","updateStatus()"],"fullName":"RegistrationRepository updateStatus() debería actualizar el status a \"cancelled\"","status":"passed","title":"debería actualizar el status a \"cancelled\"","duration":0.16437700000000177,"failureMessages":[],"meta":{}},{"ancestorTitles":["RegistrationRepository","updateStatus()"],"fullName":"RegistrationRepository updateStatus() debería retornar null si la registración no existe","status":"passed","title":"debería retornar null si la registración no existe","duration":0.14624699999998825,"failureMessages":[],"meta":{}}],"startTime":1766116812888,"endTime":1766116812894.1643,"status":"passed","message":"","name":"/var/www/html/hawaii/asistencia/node-service/src/backend/attendance/__tests__/registration.repository.test.ts"},{"assertionResults":[{"ancestorTitles":["ResultRepository","create()"],"fullName":"ResultRepository create() debería crear un resultado PRESENT con todas las métricas","status":"passed","title":"debería crear un resultado PRESENT con todas las métricas","duration":2.7401769999999885,"failureMessages":[],"meta":{}},{"ancestorTitles":["ResultRepository","create()"],"fullName":"ResultRepository create() debería crear un resultado DOUBTFUL con métricas parciales","status":"passed","title":"debería crear un resultado DOUBTFUL con métricas parciales","duration":0.26026099999998564,"failureMessages":[],"meta":{}},{"ancestorTitles":["ResultRepository","create()"],"fullName":"ResultRepository create() debería crear un resultado ABSENT","status":"passed","title":"debería crear un resultado ABSENT","duration":0.20544900000001576,"failureMessages":[],"meta":{}},{"ancestorTitles":["ResultRepository","create()"],"fullName":"ResultRepository create() debería crear un resultado ERROR","status":"passed","title":"debería crear un resultado ERROR","duration":0.18492599999999015,"failureMessages":[],"meta":{}},{"ancestorTitles":["ResultRepository","getByRegistration()"],"fullName":"ResultRepository getByRegistration() debería obtener resultado por registrationId","status":"passed","title":"debería obtener resultado por registrationId","duration":0.3241510000000005,"failureMessages":[],"meta":{}},{"ancestorTitles":["ResultRepository","getByRegistration()"],"fullName":"ResultRepository getByRegistration() debería retornar null si no existe resultado","status":"passed","title":"debería retornar null si no existe resultado","duration":0.1253059999999948,"failureMessages":[],"meta":{}},{"ancestorTitles":["ResultRepository","listBySession()"],"fullName":"ResultRepository listBySession() debería listar todos los resultados de una sesión","status":"passed","title":"debería listar todos los resultados de una sesión","duration":0.5832929999999976,"failureMessages":[],"meta":{}},{"ancestorTitles":["ResultRepository","listBySession()"],"fullName":"ResultRepository listBySession() debería retornar array vacío si no hay resultados","status":"passed","title":"debería retornar array vacío si no hay resultados","duration":0.1515060000000119,"failureMessages":[],"meta":{}},{"ancestorTitles":["ResultRepository","countByStatus()"],"fullName":"ResultRepository countByStatus() debería contar resultados por estado final","status":"skipped","title":"debería contar resultados por estado final","failureMessages":[],"meta":{}},{"ancestorTitles":["ResultRepository","countByStatus()"],"fullName":"ResultRepository countByStatus() debería retornar contadores en 0 si no hay resultados","status":"skipped","title":"debería retornar contadores en 0 si no hay resultados","failureMessages":[],"meta":{}}],"startTime":1766116810532,"endTime":1766116810537.1516,"status":"passed","message":"","name":"/var/www/html/hawaii/asistencia/node-service/src/backend/attendance/__tests__/result.repository.test.ts"},{"assertionResults":[{"ancestorTitles":["SessionRepository","create()"],"fullName":"SessionRepository create() debería crear una sesión con maxRounds default 3","status":"passed","title":"debería crear una sesión con maxRounds default 3","duration":2.892713999999998,"failureMessages":[],"meta":{}},{"ancestorTitles":["SessionRepository","create()"],"fullName":"SessionRepository create() debería crear una sesión con maxRounds personalizado","status":"passed","title":"debería crear una sesión con maxRounds personalizado","duration":0.44362700000000643,"failureMessages":[],"meta":{}},{"ancestorTitles":["SessionRepository","getById()"],"fullName":"SessionRepository getById() debería retornar una sesión por ID","status":"passed","title":"debería retornar una sesión por ID","duration":0.4082209999999975,"failureMessages":[],"meta":{}},{"ancestorTitles":["SessionRepository","getById()"],"fullName":"SessionRepository getById() debería retornar null si no existe la sesión","status":"passed","title":"debería retornar null si no existe la sesión","duration":0.17854499999999973,"failureMessages":[],"meta":{}},{"ancestorTitles":["SessionRepository","getActiveByProfessor()"],"fullName":"SessionRepository getActiveByProfessor() debería retornar sesiones activas del profesor","status":"passed","title":"debería retornar sesiones activas del profesor","duration":0.3526039999999995,"failureMessages":[],"meta":{}},{"ancestorTitles":["SessionRepository","getActiveByProfessor()"],"fullName":"SessionRepository getActiveByProfessor() debería retornar null si no hay sesiones activas","status":"passed","title":"debería retornar null si no hay sesiones activas","duration":0.16948999999999614,"failureMessages":[],"meta":{}},{"ancestorTitles":["SessionRepository","getActiveByRoom()"],"fullName":"SessionRepository getActiveByRoom() debería retornar sesiones activas en una sala","status":"passed","title":"debería retornar sesiones activas en una sala","duration":0.325255999999996,"failureMessages":[],"meta":{}},{"ancestorTitles":["SessionRepository","getActiveByRoom()"],"fullName":"SessionRepository getActiveByRoom() debería retornar null si no hay sesiones en la sala","status":"passed","title":"debería retornar null si no hay sesiones en la sala","duration":0.17079500000002668,"failureMessages":[],"meta":{}},{"ancestorTitles":["SessionRepository","update()"],"fullName":"SessionRepository update() debería actualizar el status de una sesión","status":"passed","title":"debería actualizar el status de una sesión","duration":0.33680900000001657,"failureMessages":[],"meta":{}},{"ancestorTitles":["SessionRepository","update()"],"fullName":"SessionRepository update() debería retornar null si la sesión no existe","status":"passed","title":"debería retornar null si la sesión no existe","duration":0.1798780000000022,"failureMessages":[],"meta":{}}],"startTime":1766116812610,"endTime":1766116812616.337,"status":"passed","message":"","name":"/var/www/html/hawaii/asistencia/node-service/src/backend/attendance/__tests__/session.repository.test.ts"},{"assertionResults":[{"ancestorTitles":["validateStructureStage"],"fullName":"validateStructureStage debe pasar con estructura valida","status":"passed","title":"debe pasar con estructura valida","duration":0.8489920000000097,"failureMessages":[],"meta":{}},{"ancestorTitles":["validateStructureStage"],"fullName":"validateStructureStage debe fallar sin response","status":"passed","title":"debe fallar sin response","duration":0.11534700000001408,"failureMessages":[],"meta":{}},{"ancestorTitles":["validateStructureStage"],"fullName":"validateStructureStage debe fallar con version incorrecta","status":"passed","title":"debe fallar con version incorrecta","duration":0.08832400000000007,"failureMessages":[],"meta":{}},{"ancestorTitles":["validateStructureStage"],"fullName":"validateStructureStage debe fallar con nonce de longitud incorrecta","status":"passed","title":"debe fallar con nonce de longitud incorrecta","duration":0.06780200000000036,"failureMessages":[],"meta":{}},{"ancestorTitles":["validateOwnershipStage"],"fullName":"validateOwnershipStage debe pasar cuando studentId coincide","status":"passed","title":"debe pasar cuando studentId coincide","duration":0.10852599999998347,"failureMessages":[],"meta":{}},{"ancestorTitles":["validateOwnershipStage"],"fullName":"validateOwnershipStage debe fallar cuando studentId no coincide","status":"passed","title":"debe fallar cuando studentId no coincide","duration":0.10797099999999205,"failureMessages":[],"meta":{}},{"ancestorTitles":["validateQRNotExpiredStage"],"fullName":"validateQRNotExpiredStage debe pasar con QR existente","status":"passed","title":"debe pasar con QR existente","duration":0.08280400000001009,"failureMessages":[],"meta":{}},{"ancestorTitles":["validateQRNotExpiredStage"],"fullName":"validateQRNotExpiredStage debe fallar con QR inexistente","status":"passed","title":"debe fallar con QR inexistente","duration":0.08334400000001096,"failureMessages":[],"meta":{}},{"ancestorTitles":["validateQRNotConsumedStage"],"fullName":"validateQRNotConsumedStage debe pasar con QR no consumido","status":"passed","title":"debe pasar con QR no consumido","duration":0.09522499999999923,"failureMessages":[],"meta":{}},{"ancestorTitles":["validateQRNotConsumedStage"],"fullName":"validateQRNotConsumedStage debe fallar con QR consumido","status":"passed","title":"debe fallar con QR consumido","duration":0.09214099999999803,"failureMessages":[],"meta":{}},{"ancestorTitles":["validateStudentRegisteredStage"],"fullName":"validateStudentRegisteredStage debe pasar con estudiante registrado","status":"passed","title":"debe pasar con estudiante registrado","duration":0.08118299999998158,"failureMessages":[],"meta":{}},{"ancestorTitles":["validateStudentRegisteredStage"],"fullName":"validateStudentRegisteredStage debe fallar con estudiante no registrado","status":"passed","title":"debe fallar con estudiante no registrado","duration":0.07457600000000753,"failureMessages":[],"meta":{}},{"ancestorTitles":["validateStudentActiveStage"],"fullName":"validateStudentActiveStage debe pasar con status active","status":"passed","title":"debe pasar con status active","duration":0.08047300000001201,"failureMessages":[],"meta":{}},{"ancestorTitles":["validateStudentActiveStage"],"fullName":"validateStudentActiveStage debe fallar con status completed","status":"passed","title":"debe fallar con status completed","duration":0.08014400000001842,"failureMessages":[],"meta":{}},{"ancestorTitles":["validateStudentActiveStage"],"fullName":"validateStudentActiveStage debe fallar con status failed","status":"passed","title":"debe fallar con status failed","duration":0.11088499999999613,"failureMessages":[],"meta":{}},{"ancestorTitles":["validateStudentOwnsQRStage"],"fullName":"validateStudentOwnsQRStage debe pasar cuando nonce coincide","status":"passed","title":"debe pasar cuando nonce coincide","duration":0.08416299999998955,"failureMessages":[],"meta":{}},{"ancestorTitles":["validateStudentOwnsQRStage"],"fullName":"validateStudentOwnsQRStage debe fallar cuando nonce no coincide","status":"passed","title":"debe fallar cuando nonce no coincide","duration":0.08177700000001664,"failureMessages":[],"meta":{}},{"ancestorTitles":["validateRoundMatchStage"],"fullName":"validateRoundMatchStage debe pasar cuando round coincide","status":"passed","title":"debe pasar cuando round coincide","duration":0.10394700000000512,"failureMessages":[],"meta":{}},{"ancestorTitles":["validateRoundMatchStage"],"fullName":"validateRoundMatchStage debe fallar cuando round ya fue completado","status":"passed","title":"debe fallar cuando round ya fue completado","duration":0.08216199999998253,"failureMessages":[],"meta":{}},{"ancestorTitles":["validateRoundMatchStage"],"fullName":"validateRoundMatchStage debe fallar cuando round no ha sido alcanzado","status":"passed","title":"debe fallar cuando round no ha sido alcanzado","duration":0.07558299999999463,"failureMessages":[],"meta":{}}],"startTime":1766116813948,"endTime":1766116813950.1108,"status":"passed","message":"","name":"/var/www/html/hawaii/asistencia/node-service/src/backend/attendance/__tests__/stages.test.ts"},{"assertionResults":[{"ancestorTitles":["TOTPValidationStage"],"fullName":"TOTPValidationStage debe pasar con TOTPu valido","status":"passed","title":"debe pasar con TOTPu valido","duration":2.7714459999999974,"failureMessages":[],"meta":{}},{"ancestorTitles":["TOTPValidationStage"],"fullName":"TOTPValidationStage debe fallar sin response desencriptada","status":"passed","title":"debe fallar sin response desencriptada","duration":0.19668799999999464,"failureMessages":[],"meta":{}},{"ancestorTitles":["TOTPValidationStage"],"fullName":"TOTPValidationStage debe fallar cuando falta TOTPu en el payload","status":"passed","title":"debe fallar cuando falta TOTPu en el payload","duration":0.1706530000000015,"failureMessages":[],"meta":{}},{"ancestorTitles":["TOTPValidationStage"],"fullName":"TOTPValidationStage debe fallar cuando session_key no existe en Valkey","status":"passed","title":"debe fallar cuando session_key no existe en Valkey","duration":0.16685300000000325,"failureMessages":[],"meta":{}},{"ancestorTitles":["TOTPValidationStage"],"fullName":"TOTPValidationStage debe fallar con TOTPu incorrecto","status":"passed","title":"debe fallar con TOTPu incorrecto","duration":0.3715800000000087,"failureMessages":[],"meta":{}},{"ancestorTitles":["TOTPValidationStage"],"fullName":"TOTPValidationStage debe validarse correctamente con diferentes session_keys","status":"passed","title":"debe validarse correctamente con diferentes session_keys","duration":0.5145120000000105,"failureMessages":[],"meta":{}},{"ancestorTitles":["TOTPValidationStage"],"fullName":"TOTPValidationStage debe rechazar TOTPu de otra sesion_key","status":"passed","title":"debe rechazar TOTPu de otra sesion_key","duration":0.27610200000000873,"failureMessages":[],"meta":{}}],"startTime":1766116813643,"endTime":1766116813647.5144,"status":"passed","message":"","name":"/var/www/html/hawaii/asistencia/node-service/src/backend/attendance/__tests__/totp-validation.stage.test.ts"},{"assertionResults":[{"ancestorTitles":["ValidationRepository","create()"],"fullName":"ValidationRepository create() debería crear una validación con QR generado (estado inicial)","status":"passed","title":"debería crear una validación con QR generado (estado inicial)","duration":2.7778089999999906,"failureMessages":[],"meta":{}},{"ancestorTitles":["ValidationRepository","create()"],"fullName":"ValidationRepository create() debería crear validaciones para múltiples rounds","status":"passed","title":"debería crear validaciones para múltiples rounds","duration":0.2886660000000063,"failureMessages":[],"meta":{}},{"ancestorTitles":["ValidationRepository","complete()"],"fullName":"ValidationRepository complete() debería completar una validación exitosa","status":"passed","title":"debería completar una validación exitosa","duration":0.5749820000000057,"failureMessages":[],"meta":{}},{"ancestorTitles":["ValidationRepository","complete()"],"fullName":"ValidationRepository complete() debería completar una validación fallida","status":"passed","title":"debería completar una validación fallida","duration":0.1881580000000156,"failureMessages":[],"meta":{}},{"ancestorTitles":["ValidationRepository","complete()"],"fullName":"ValidationRepository complete() debería completar una validación con timeout","status":"passed","title":"debería completar una validación con timeout","duration":0.1406859999999881,"failureMessages":[],"meta":{}},{"ancestorTitles":["ValidationRepository","complete()"],"fullName":"ValidationRepository complete() debería retornar null si no existe la validación","status":"passed","title":"debería retornar null si no existe la validación","duration":0.1482650000000092,"failureMessages":[],"meta":{}},{"ancestorTitles":["ValidationRepository","incrementFailedAttempts()"],"fullName":"ValidationRepository incrementFailedAttempts() debería incrementar contador de intentos fallidos","status":"passed","title":"debería incrementar contador de intentos fallidos","duration":0.23531900000000405,"failureMessages":[],"meta":{}},{"ancestorTitles":["ValidationRepository","incrementFailedAttempts()"],"fullName":"ValidationRepository incrementFailedAttempts() debería retornar 0 si no existe la validación","status":"passed","title":"debería retornar 0 si no existe la validación","duration":0.2772940000000119,"failureMessages":[],"meta":{}},{"ancestorTitles":["ValidationRepository","incrementFailedAttempts()"],"fullName":"ValidationRepository incrementFailedAttempts() debería incrementar múltiples veces","status":"passed","title":"debería incrementar múltiples veces","duration":0.2017359999999826,"failureMessages":[],"meta":{}},{"ancestorTitles":["ValidationRepository","getByRound()"],"fullName":"ValidationRepository getByRound() debería obtener una validación por registrationId y round","status":"passed","title":"debería obtener una validación por registrationId y round","duration":0.2654070000000104,"failureMessages":[],"meta":{}},{"ancestorTitles":["ValidationRepository","getByRound()"],"fullName":"ValidationRepository getByRound() debería retornar null si no existe la validación","status":"passed","title":"debería retornar null si no existe la validación","duration":0.12316500000000019,"failureMessages":[],"meta":{}},{"ancestorTitles":["ValidationRepository","getResponseTimeStats()"],"fullName":"ValidationRepository getResponseTimeStats() debería calcular estadísticas de tiempo de respuesta","status":"passed","title":"debería calcular estadísticas de tiempo de respuesta","duration":0.22956700000000296,"failureMessages":[],"meta":{}},{"ancestorTitles":["ValidationRepository","getResponseTimeStats()"],"fullName":"ValidationRepository getResponseTimeStats() debería retornar valores null si no hay validaciones exitosas","status":"passed","title":"debería retornar valores null si no hay validaciones exitosas","duration":0.13968599999998332,"failureMessages":[],"meta":{}},{"ancestorTitles":["ValidationRepository","countSuccessful()"],"fullName":"ValidationRepository countSuccessful() debería contar validaciones exitosas","status":"passed","title":"debería contar validaciones exitosas","duration":0.20506299999999555,"failureMessages":[],"meta":{}},{"ancestorTitles":["ValidationRepository","countSuccessful()"],"fullName":"ValidationRepository countSuccessful() debería retornar 0 si no hay validaciones exitosas","status":"passed","title":"debería retornar 0 si no hay validaciones exitosas","duration":0.14278699999999844,"failureMessages":[],"meta":{}}],"startTime":1766116809190,"endTime":1766116809196.2295,"status":"passed","message":"","name":"/var/www/html/hawaii/asistencia/node-service/src/backend/attendance/__tests__/validation.repository.test.ts"},{"assertionResults":[{"ancestorTitles":["AuthService","authenticateFromHeader"],"fullName":"AuthService authenticateFromHeader debe autenticar correctamente con header válido","status":"passed","title":"debe autenticar correctamente con header válido","duration":2.970376999999985,"failureMessages":[],"meta":{}},{"ancestorTitles":["AuthService","authenticateFromHeader"],"fullName":"AuthService authenticateFromHeader debe autenticar estudiante correctamente","status":"passed","title":"debe autenticar estudiante correctamente","duration":0.40853100000001064,"failureMessages":[],"meta":{}},{"ancestorTitles":["AuthService","authenticateFromHeader"],"fullName":"AuthService authenticateFromHeader debe fallar sin header Authorization","status":"passed","title":"debe fallar sin header Authorization","duration":0.5578919999999812,"failureMessages":[],"meta":{}},{"ancestorTitles":["AuthService","authenticateFromHeader"],"fullName":"AuthService authenticateFromHeader debe fallar con header malformado","status":"passed","title":"debe fallar con header malformado","duration":0.13346500000000106,"failureMessages":[],"meta":{}},{"ancestorTitles":["AuthService","authenticateFromHeader"],"fullName":"AuthService authenticateFromHeader debe fallar con token inválido","status":"passed","title":"debe fallar con token inválido","duration":0.18349699999998847,"failureMessages":[],"meta":{}},{"ancestorTitles":["AuthService","authenticateFromHeader"],"fullName":"AuthService authenticateFromHeader debe fallar con token expirado","status":"passed","title":"debe fallar con token expirado","duration":0.30607899999998267,"failureMessages":[],"meta":{}},{"ancestorTitles":["AuthService","authenticateFromHeader"],"fullName":"AuthService authenticateFromHeader debe crear UserId válido desde payload","status":"passed","title":"debe crear UserId válido desde payload","duration":0.5474760000000174,"failureMessages":[],"meta":{}},{"ancestorTitles":["AuthService","authenticateFromHeader"],"fullName":"AuthService authenticateFromHeader debe preservar caracteres especiales en nombreCompleto","status":"passed","title":"debe preservar caracteres especiales en nombreCompleto","duration":0.25361600000002227,"failureMessages":[],"meta":{}},{"ancestorTitles":["AuthService","verifyToken"],"fullName":"AuthService verifyToken debe verificar token válido directamente","status":"passed","title":"debe verificar token válido directamente","duration":0.27361700000000155,"failureMessages":[],"meta":{}},{"ancestorTitles":["AuthService","verifyToken"],"fullName":"AuthService verifyToken debe fallar con token inválido","status":"passed","title":"debe fallar con token inválido","duration":0.2105060000000094,"failureMessages":[],"meta":{}},{"ancestorTitles":["AuthService","verifyToken"],"fullName":"AuthService verifyToken debe fallar con token expirado","status":"passed","title":"debe fallar con token expirado","duration":0.29977800000000343,"failureMessages":[],"meta":{}},{"ancestorTitles":["AuthService","verifyToken"],"fullName":"AuthService verifyToken debe fallar con token firmado con otra secret","status":"passed","title":"debe fallar con token firmado con otra secret","duration":0.2504500000000007,"failureMessages":[],"meta":{}},{"ancestorTitles":["AuthService","mapToAuthenticatedUser"],"fullName":"AuthService mapToAuthenticatedUser debe mapear payload completo correctamente","status":"passed","title":"debe mapear payload completo correctamente","duration":0.3248659999999859,"failureMessages":[],"meta":{}},{"ancestorTitles":["AuthService","mapToAuthenticatedUser"],"fullName":"AuthService mapToAuthenticatedUser debe crear UserId como Value Object","status":"passed","title":"debe crear UserId como Value Object","duration":0.25900500000000193,"failureMessages":[],"meta":{}},{"ancestorTitles":["AuthService","integración authenticateFromHeader vs verifyToken"],"fullName":"AuthService integración authenticateFromHeader vs verifyToken debe producir mismo resultado con ambos métodos","status":"passed","title":"debe producir mismo resultado con ambos métodos","duration":0.3154630000000225,"failureMessages":[],"meta":{}},{"ancestorTitles":["AuthService","edge cases"],"fullName":"AuthService edge cases debe manejar userId = 1 correctamente","status":"passed","title":"debe manejar userId = 1 correctamente","duration":0.21918199999998933,"failureMessages":[],"meta":{}},{"ancestorTitles":["AuthService","edge cases"],"fullName":"AuthService edge cases debe manejar números grandes en userId","status":"passed","title":"debe manejar números grandes en userId","duration":0.19841700000000628,"failureMessages":[],"meta":{}},{"ancestorTitles":["AuthService","edge cases"],"fullName":"AuthService edge cases debe manejar username con caracteres especiales","status":"passed","title":"debe manejar username con caracteres especiales","duration":0.18993399999999383,"failureMessages":[],"meta":{}},{"ancestorTitles":["AuthService","edge cases"],"fullName":"AuthService edge cases debe manejar todos los roles válidos","status":"passed","title":"debe manejar todos los roles válidos","duration":0.3842679999999916,"failureMessages":[],"meta":{}},{"ancestorTitles":["AuthService","edge cases"],"fullName":"AuthService edge cases debe preservar espacios múltiples en nombreCompleto","status":"passed","title":"debe preservar espacios múltiples en nombreCompleto","duration":0.18464800000000992,"failureMessages":[],"meta":{}}],"startTime":1766116810845,"endTime":1766116810854.1846,"status":"passed","message":"","name":"/var/www/html/hawaii/asistencia/node-service/src/backend/auth/__tests__/auth.service.test.ts"},{"assertionResults":[{"ancestorTitles":["JWTUtils","verify"],"fullName":"JWTUtils verify debe verificar JWT válido correctamente","status":"passed","title":"debe verificar JWT válido correctamente","duration":2.9338349999999878,"failureMessages":[],"meta":{}},{"ancestorTitles":["JWTUtils","verify"],"fullName":"JWTUtils verify debe fallar con token expirado","status":"passed","title":"debe fallar con token expirado","duration":0.895797999999985,"failureMessages":[],"meta":{}},{"ancestorTitles":["JWTUtils","verify"],"fullName":"JWTUtils verify debe fallar con secret incorrecta","status":"passed","title":"debe fallar con secret incorrecta","duration":0.31310199999998645,"failureMessages":[],"meta":{}},{"ancestorTitles":["JWTUtils","verify"],"fullName":"JWTUtils verify debe fallar con issuer incorrecto","status":"passed","title":"debe fallar con issuer incorrecto","duration":0.29042100000000914,"failureMessages":[],"meta":{}},{"ancestorTitles":["JWTUtils","verify"],"fullName":"JWTUtils verify debe fallar con audience incorrecta","status":"passed","title":"debe fallar con audience incorrecta","duration":0.2685149999999794,"failureMessages":[],"meta":{}},{"ancestorTitles":["JWTUtils","verify"],"fullName":"JWTUtils verify debe fallar con payload sin userId","status":"passed","title":"debe fallar con payload sin userId","duration":0.2625150000000076,"failureMessages":[],"meta":{}},{"ancestorTitles":["JWTUtils","verify"],"fullName":"JWTUtils verify debe fallar con payload sin username","status":"passed","title":"debe fallar con payload sin username","duration":0.2897800000000075,"failureMessages":[],"meta":{}},{"ancestorTitles":["JWTUtils","verify"],"fullName":"JWTUtils verify debe fallar con token malformado","status":"passed","title":"debe fallar con token malformado","duration":0.19470799999999144,"failureMessages":[],"meta":{}},{"ancestorTitles":["JWTUtils","verify"],"fullName":"JWTUtils verify debe fallar con string vacío","status":"passed","title":"debe fallar con string vacío","duration":0.15360600000002478,"failureMessages":[],"meta":{}},{"ancestorTitles":["JWTUtils","verify"],"fullName":"JWTUtils verify debe verificar token con campos opcionales","status":"passed","title":"debe verificar token con campos opcionales","duration":0.30208899999999517,"failureMessages":[],"meta":{}},{"ancestorTitles":["JWTUtils","extractFromHeader"],"fullName":"JWTUtils extractFromHeader debe extraer token de header válido","status":"passed","title":"debe extraer token de header válido","duration":0.1381590000000017,"failureMessages":[],"meta":{}},{"ancestorTitles":["JWTUtils","extractFromHeader"],"fullName":"JWTUtils extractFromHeader debe fallar sin header Authorization","status":"passed","title":"debe fallar sin header Authorization","duration":0.1507259999999917,"failureMessages":[],"meta":{}},{"ancestorTitles":["JWTUtils","extractFromHeader"],"fullName":"JWTUtils extractFromHeader debe fallar con header vacío","status":"passed","title":"debe fallar con header vacío","duration":0.1287279999999953,"failureMessages":[],"meta":{}},{"ancestorTitles":["JWTUtils","extractFromHeader"],"fullName":"JWTUtils extractFromHeader debe fallar sin esquema Bearer","status":"passed","title":"debe fallar sin esquema Bearer","duration":0.3331269999999904,"failureMessages":[],"meta":{}},{"ancestorTitles":["JWTUtils","extractFromHeader"],"fullName":"JWTUtils extractFromHeader debe fallar con esquema incorrecto","status":"passed","title":"debe fallar con esquema incorrecto","duration":0.17440799999999967,"failureMessages":[],"meta":{}},{"ancestorTitles":["JWTUtils","extractFromHeader"],"fullName":"JWTUtils extractFromHeader debe fallar con múltiples espacios","status":"passed","title":"debe fallar con múltiples espacios","duration":0.11755400000001259,"failureMessages":[],"meta":{}},{"ancestorTitles":["JWTUtils","extractFromHeader"],"fullName":"JWTUtils extractFromHeader debe fallar con solo \"Bearer\" sin token","status":"passed","title":"debe fallar con solo \"Bearer\" sin token","duration":0.11684199999999123,"failureMessages":[],"meta":{}},{"ancestorTitles":["JWTUtils","extractFromHeader"],"fullName":"JWTUtils extractFromHeader debe extraer token largo correctamente","status":"passed","title":"debe extraer token largo correctamente","duration":0.09387000000000967,"failureMessages":[],"meta":{}},{"ancestorTitles":["JWTUtils","extractFromHeader"],"fullName":"JWTUtils extractFromHeader debe manejar token con puntos (formato JWT real)","status":"passed","title":"debe manejar token con puntos (formato JWT real)","duration":0.06918300000000954,"failureMessages":[],"meta":{}},{"ancestorTitles":["JWTUtils","integración verify + extractFromHeader"],"fullName":"JWTUtils integración verify + extractFromHeader debe extraer y verificar token de header completo","status":"passed","title":"debe extraer y verificar token de header completo","duration":0.2615570000000105,"failureMessages":[],"meta":{}},{"ancestorTitles":["JWTUtils","edge cases"],"fullName":"JWTUtils edge cases debe manejar token con caracteres especiales en payload","status":"passed","title":"debe manejar token con caracteres especiales en payload","duration":0.23964099999997757,"failureMessages":[],"meta":{}},{"ancestorTitles":["JWTUtils","edge cases"],"fullName":"JWTUtils edge cases debe manejar userId = 1","status":"passed","title":"debe manejar userId = 1","duration":0.20222900000001687,"failureMessages":[],"meta":{}},{"ancestorTitles":["JWTUtils","edge cases"],"fullName":"JWTUtils edge cases debe manejar números grandes en userId","status":"passed","title":"debe manejar números grandes en userId","duration":0.18591299999999933,"failureMessages":[],"meta":{}}],"startTime":1766116810687,"endTime":1766116810696.1858,"status":"passed","message":"","name":"/var/www/html/hawaii/asistencia/node-service/src/backend/auth/__tests__/jwt-utils.test.ts"},{"assertionResults":[{"ancestorTitles":["UserId","create"],"fullName":"UserId create debe crear UserId válido con número positivo","status":"passed","title":"debe crear UserId válido con número positivo","duration":0.7236499999999921,"failureMessages":[],"meta":{}},{"ancestorTitles":["UserId","create"],"fullName":"UserId create debe crear UserId con número 1","status":"passed","title":"debe crear UserId con número 1","duration":0.13558000000000447,"failureMessages":[],"meta":{}},{"ancestorTitles":["UserId","create"],"fullName":"UserId create debe fallar con número 0","status":"passed","title":"debe fallar con número 0","duration":0.5453040000000016,"failureMessages":[],"meta":{}},{"ancestorTitles":["UserId","create"],"fullName":"UserId create debe fallar con número negativo","status":"passed","title":"debe fallar con número negativo","duration":0.1602269999999919,"failureMessages":[],"meta":{}},{"ancestorTitles":["UserId","create"],"fullName":"UserId create debe fallar con número decimal","status":"passed","title":"debe fallar con número decimal","duration":0.19097099999999045,"failureMessages":[],"meta":{}},{"ancestorTitles":["UserId","create"],"fullName":"UserId create debe fallar con NaN","status":"passed","title":"debe fallar con NaN","duration":0.14754399999999634,"failureMessages":[],"meta":{}},{"ancestorTitles":["UserId","create"],"fullName":"UserId create debe fallar con Infinity","status":"passed","title":"debe fallar con Infinity","duration":0.14315999999999462,"failureMessages":[],"meta":{}},{"ancestorTitles":["UserId","toNumber"],"fullName":"UserId toNumber debe retornar el valor numérico","status":"passed","title":"debe retornar el valor numérico","duration":0.1295989999999989,"failureMessages":[],"meta":{}},{"ancestorTitles":["UserId","toString"],"fullName":"UserId toString debe retornar el valor como string","status":"passed","title":"debe retornar el valor como string","duration":0.1283549999999991,"failureMessages":[],"meta":{}},{"ancestorTitles":["UserId","equals"],"fullName":"UserId equals debe retornar true para UserIds con mismo valor","status":"passed","title":"debe retornar true para UserIds con mismo valor","duration":0.11789900000000841,"failureMessages":[],"meta":{}},{"ancestorTitles":["UserId","equals"],"fullName":"UserId equals debe retornar false para UserIds con valores diferentes","status":"passed","title":"debe retornar false para UserIds con valores diferentes","duration":0.16254800000000103,"failureMessages":[],"meta":{}},{"ancestorTitles":["UserId","equals"],"fullName":"UserId equals debe comparar correctamente números grandes","status":"passed","title":"debe comparar correctamente números grandes","duration":0.12367199999999912,"failureMessages":[],"meta":{}},{"ancestorTitles":["UserId","inmutabilidad"],"fullName":"UserId inmutabilidad no debe permitir modificar el valor después de creación","status":"passed","title":"no debe permitir modificar el valor después de creación","duration":0.11524800000000823,"failureMessages":[],"meta":{}},{"ancestorTitles":["UserId","identidad"],"fullName":"UserId identidad dos instancias con mismo valor NO deben ser iguales por referencia","status":"passed","title":"dos instancias con mismo valor NO deben ser iguales por referencia","duration":0.17457999999999174,"failureMessages":[],"meta":{}},{"ancestorTitles":["UserId","identidad"],"fullName":"UserId identidad misma instancia debe ser igual a sí misma","status":"passed","title":"misma instancia debe ser igual a sí misma","duration":0.12476900000000057,"failureMessages":[],"meta":{}}],"startTime":1766116814347,"endTime":1766116814350.1746,"status":"passed","message":"","name":"/var/www/html/hawaii/asistencia/node-service/src/backend/auth/__tests__/user-id.test.ts"},{"assertionResults":[{"ancestorTitles":["PoolBalancer","calculateFakesNeeded()"],"fullName":"PoolBalancer calculateFakesNeeded() debería calcular que se necesitan 10 falsos si no hay estudiantes reales","status":"passed","title":"debería calcular que se necesitan 10 falsos si no hay estudiantes reales","duration":1.203237999999999,"failureMessages":[],"meta":{}},{"ancestorTitles":["PoolBalancer","calculateFakesNeeded()"],"fullName":"PoolBalancer calculateFakesNeeded() debería calcular que se necesitan 5 falsos si hay 5 estudiantes","status":"passed","title":"debería calcular que se necesitan 5 falsos si hay 5 estudiantes","duration":0.17851699999999937,"failureMessages":[],"meta":{}},{"ancestorTitles":["PoolBalancer","calculateFakesNeeded()"],"fullName":"PoolBalancer calculateFakesNeeded() debería calcular que NO se necesitan falsos si hay 10 estudiantes","status":"passed","title":"debería calcular que NO se necesitan falsos si hay 10 estudiantes","duration":0.12786700000000906,"failureMessages":[],"meta":{}},{"ancestorTitles":["PoolBalancer","calculateFakesNeeded()"],"fullName":"PoolBalancer calculateFakesNeeded() debería calcular que NO se necesitan falsos si hay más de 10 estudiantes","status":"passed","title":"debería calcular que NO se necesitan falsos si hay más de 10 estudiantes","duration":0.11430899999999156,"failureMessages":[],"meta":{}},{"ancestorTitles":["PoolBalancer","balance() - agregar falsos"],"fullName":"PoolBalancer balance() - agregar falsos debería agregar 10 falsos si el pool está vacío","status":"passed","title":"debería agregar 10 falsos si el pool está vacío","duration":1.665976999999998,"failureMessages":[],"meta":{}},{"ancestorTitles":["PoolBalancer","balance() - agregar falsos"],"fullName":"PoolBalancer balance() - agregar falsos debería agregar 5 falsos si hay 5 estudiantes","status":"passed","title":"debería agregar 5 falsos si hay 5 estudiantes","duration":0.2044700000000148,"failureMessages":[],"meta":{}},{"ancestorTitles":["PoolBalancer","balance() - agregar falsos"],"fullName":"PoolBalancer balance() - agregar falsos debería agregar 3 falsos si hay 7 estudiantes y 0 falsos","status":"passed","title":"debería agregar 3 falsos si hay 7 estudiantes y 0 falsos","duration":0.15331699999998705,"failureMessages":[],"meta":{}},{"ancestorTitles":["PoolBalancer","balance() - remover falsos"],"fullName":"PoolBalancer balance() - remover falsos debería remover 5 falsos si hay 15 estudiantes y 5 falsos","status":"passed","title":"debería remover 5 falsos si hay 15 estudiantes y 5 falsos","duration":0.2544759999999826,"failureMessages":[],"meta":{}},{"ancestorTitles":["PoolBalancer","balance() - remover falsos"],"fullName":"PoolBalancer balance() - remover falsos debería remover 10 falsos si hay 12 estudiantes y 10 falsos","status":"passed","title":"debería remover 10 falsos si hay 12 estudiantes y 10 falsos","duration":0.1953619999999887,"failureMessages":[],"meta":{}},{"ancestorTitles":["PoolBalancer","balance() - sin cambios"],"fullName":"PoolBalancer balance() - sin cambios NO debería hacer nada si el pool ya está balanceado (10 estudiantes, 0 falsos)","status":"passed","title":"NO debería hacer nada si el pool ya está balanceado (10 estudiantes, 0 falsos)","duration":0.21950200000000564,"failureMessages":[],"meta":{}},{"ancestorTitles":["PoolBalancer","balance() - sin cambios"],"fullName":"PoolBalancer balance() - sin cambios NO debería hacer nada si hay 5 estudiantes y 5 falsos","status":"passed","title":"NO debería hacer nada si hay 5 estudiantes y 5 falsos","duration":0.16737799999998515,"failureMessages":[],"meta":{}},{"ancestorTitles":["PoolBalancer","injectFakes()"],"fullName":"PoolBalancer injectFakes() debería inyectar 15 QRs falsos manualmente","status":"passed","title":"debería inyectar 15 QRs falsos manualmente","duration":0.3282600000000002,"failureMessages":[],"meta":{}},{"ancestorTitles":["PoolBalancer","injectFakes()"],"fullName":"PoolBalancer injectFakes() NO debería inyectar si count es 0","status":"passed","title":"NO debería inyectar si count es 0","duration":0.2772369999999853,"failureMessages":[],"meta":{}},{"ancestorTitles":["PoolBalancer","injectFakes()"],"fullName":"PoolBalancer injectFakes() NO debería inyectar si count es negativo","status":"passed","title":"NO debería inyectar si count es negativo","duration":0.1364810000000034,"failureMessages":[],"meta":{}},{"ancestorTitles":["PoolBalancer","getPoolStats()"],"fullName":"PoolBalancer getPoolStats() debería retornar estadísticas del pool","status":"passed","title":"debería retornar estadísticas del pool","duration":0.2354660000000024,"failureMessages":[],"meta":{}},{"ancestorTitles":["PoolBalancer","getConfig()"],"fullName":"PoolBalancer getConfig() debería retornar la configuración actual","status":"passed","title":"debería retornar la configuración actual","duration":0.1484530000000177,"failureMessages":[],"meta":{}},{"ancestorTitles":["PoolBalancer","updateConfig()"],"fullName":"PoolBalancer updateConfig() debería actualizar minPoolSize en runtime","status":"passed","title":"debería actualizar minPoolSize en runtime","duration":0.2167140000000245,"failureMessages":[],"meta":{}},{"ancestorTitles":["PoolBalancer","updateConfig()"],"fullName":"PoolBalancer updateConfig() debería recalcular falsos necesarios con nueva configuración","status":"passed","title":"debería recalcular falsos necesarios con nueva configuración","duration":0.1318600000000174,"failureMessages":[],"meta":{}},{"ancestorTitles":["PoolBalancer","updateConfig()"],"fullName":"PoolBalancer updateConfig() debería mantener configuración anterior si no se provee","status":"passed","title":"debería mantener configuración anterior si no se provee","duration":0.1185480000000041,"failureMessages":[],"meta":{}},{"ancestorTitles":["PoolBalancer","generateFakeEncrypted() - generación de QRs falsos"],"fullName":"PoolBalancer generateFakeEncrypted() - generación de QRs falsos debería generar QRs falsos con formato válido","status":"passed","title":"debería generar QRs falsos con formato válido","duration":0.456261000000012,"failureMessages":[],"meta":{}}],"startTime":1766116812466,"endTime":1766116812473.4563,"status":"passed","message":"","name":"/var/www/html/hawaii/asistencia/node-service/src/backend/qr-projection/__tests__/pool-balancer.service.test.ts"},{"assertionResults":[{"ancestorTitles":["PoolFeeder","feedStudentQR()"],"fullName":"PoolFeeder feedStudentQR() debería alimentar un QR de estudiante al pool con session_key real","status":"passed","title":"debería alimentar un QR de estudiante al pool con session_key real","duration":3.4224849999999947,"failureMessages":[],"meta":{}},{"ancestorTitles":["PoolFeeder","feedStudentQR()"],"fullName":"PoolFeeder feedStudentQR() debería usar fallback AES service si no hay session_key","status":"passed","title":"debería usar fallback AES service si no hay session_key","duration":0.685514000000012,"failureMessages":[],"meta":{}},{"ancestorTitles":["PoolFeeder","feedStudentQR()"],"fullName":"PoolFeeder feedStudentQR() debería usar TTL por defecto (60s) si no se especifica","status":"passed","title":"debería usar TTL por defecto (60s) si no se especifica","duration":0.3307920000000024,"failureMessages":[],"meta":{}},{"ancestorTitles":["PoolFeeder","feedStudentQR()"],"fullName":"PoolFeeder feedStudentQR() debería usar TTL personalizado","status":"passed","title":"debería usar TTL personalizado","duration":0.24713700000000927,"failureMessages":[],"meta":{}},{"ancestorTitles":["PoolFeeder","feedStudentQR()"],"fullName":"PoolFeeder feedStudentQR() debería retornar error si falla el almacenamiento","status":"passed","title":"debería retornar error si falla el almacenamiento","duration":0.36874400000002083,"failureMessages":[],"meta":{}},{"ancestorTitles":["PoolFeeder","feedStudentQR()"],"fullName":"PoolFeeder feedStudentQR() debería construir payload con los datos correctos","status":"passed","title":"debería construir payload con los datos correctos","duration":0.8038200000000018,"failureMessages":[],"meta":{}},{"ancestorTitles":["PoolFeeder","feedMultiple()"],"fullName":"PoolFeeder feedMultiple() debería alimentar múltiples QRs al pool","status":"passed","title":"debería alimentar múltiples QRs al pool","duration":0.6832540000000051,"failureMessages":[],"meta":{}},{"ancestorTitles":["PoolFeeder","feedMultiple()"],"fullName":"PoolFeeder feedMultiple() debería retornar resultados mixtos (éxito + error)","status":"passed","title":"debería retornar resultados mixtos (éxito + error)","duration":0.38871300000002407,"failureMessages":[],"meta":{}},{"ancestorTitles":["PoolFeeder","getNonce()"],"fullName":"PoolFeeder getNonce() debería extraer el nonce del payload","status":"passed","title":"debería extraer el nonce del payload","duration":0.21946099999999547,"failureMessages":[],"meta":{}}],"startTime":1766116813057,"endTime":1766116813064.3887,"status":"passed","message":"","name":"/var/www/html/hawaii/asistencia/node-service/src/backend/qr-projection/__tests__/pool-feeder.service.test.ts"},{"assertionResults":[{"ancestorTitles":["LoginEcdhController","Validaciones de entrada"],"fullName":"LoginEcdhController Validaciones de entrada debería retornar 401 si no hay usuario autenticado","status":"passed","title":"debería retornar 401 si no hay usuario autenticado","duration":2.2404650000000004,"failureMessages":[],"meta":{}},{"ancestorTitles":["LoginEcdhController","Validaciones de entrada"],"fullName":"LoginEcdhController Validaciones de entrada debería retornar 400 si falta credentialId","status":"passed","title":"debería retornar 400 si falta credentialId","duration":0.3701949999999954,"failureMessages":[],"meta":{}},{"ancestorTitles":["LoginEcdhController","Validaciones de entrada"],"fullName":"LoginEcdhController Validaciones de entrada debería retornar 400 si falta clientPublicKey","status":"passed","title":"debería retornar 400 si falta clientPublicKey","duration":0.27339299999999866,"failureMessages":[],"meta":{}},{"ancestorTitles":["LoginEcdhController","Validaciones de entrada"],"fullName":"LoginEcdhController Validaciones de entrada debería retornar 400 si ambos campos faltan","status":"passed","title":"debería retornar 400 si ambos campos faltan","duration":0.27914099999999564,"failureMessages":[],"meta":{}},{"ancestorTitles":["LoginEcdhController","Manejo de errores del UseCase"],"fullName":"LoginEcdhController Manejo de errores del UseCase debería retornar 404 si el dispositivo no existe (DEVICE_NOT_FOUND)","status":"passed","title":"debería retornar 404 si el dispositivo no existe (DEVICE_NOT_FOUND)","duration":0.363355999999996,"failureMessages":[],"meta":{}},{"ancestorTitles":["LoginEcdhController","Manejo de errores del UseCase"],"fullName":"LoginEcdhController Manejo de errores del UseCase debería retornar 403 si el dispositivo no pertenece al usuario (DEVICE_NOT_OWNED)","status":"passed","title":"debería retornar 403 si el dispositivo no pertenece al usuario (DEVICE_NOT_OWNED)","duration":0.2836899999999929,"failureMessages":[],"meta":{}},{"ancestorTitles":["LoginEcdhController","Manejo de errores del UseCase"],"fullName":"LoginEcdhController Manejo de errores del UseCase debería retornar 403 si el dispositivo está revocado (DEVICE_REVOKED)","status":"passed","title":"debería retornar 403 si el dispositivo está revocado (DEVICE_REVOKED)","duration":0.27347800000001143,"failureMessages":[],"meta":{}},{"ancestorTitles":["LoginEcdhController","Manejo de errores del UseCase"],"fullName":"LoginEcdhController Manejo de errores del UseCase debería retornar 500 para errores genéricos sin código","status":"passed","title":"debería retornar 500 para errores genéricos sin código","duration":2.7874920000000003,"failureMessages":[],"meta":{}},{"ancestorTitles":["LoginEcdhController","Caso de éxito"],"fullName":"LoginEcdhController Caso de éxito debería retornar 200 con serverPublicKey, totpu y deviceId","status":"passed","title":"debería retornar 200 con serverPublicKey, totpu y deviceId","duration":0.4840159999999969,"failureMessages":[],"meta":{}}],"startTime":1766116814074,"endTime":1766116814081.4841,"status":"passed","message":"","name":"/var/www/html/hawaii/asistencia/node-service/src/backend/session/__tests__/login-ecdh.controller.test.ts"},{"assertionResults":[{"ancestorTitles":["CompleteScanUseCase (EJEMPLO)","caso exitoso"],"fullName":"CompleteScanUseCase (EJEMPLO) caso exitoso debe completar el escaneo correctamente","status":"passed","title":"debe completar el escaneo correctamente","duration":1.194232999999997,"failureMessages":[],"meta":{}},{"ancestorTitles":["CompleteScanUseCase (EJEMPLO)","casos de error"],"fullName":"CompleteScanUseCase (EJEMPLO) casos de error debe fallar si el estudiante no está registrado","status":"passed","title":"debe fallar si el estudiante no está registrado","duration":0.25818100000000754,"failureMessages":[],"meta":{}},{"ancestorTitles":["CompleteScanUseCase (EJEMPLO)","casos de error"],"fullName":"CompleteScanUseCase (EJEMPLO) casos de error debe fallar si el QR ya fue consumido","status":"passed","title":"debe fallar si el QR ya fue consumido","duration":0.20177400000000034,"failureMessages":[],"meta":{}},{"ancestorTitles":["CompleteScanUseCase (EJEMPLO)","casos de error"],"fullName":"CompleteScanUseCase (EJEMPLO) casos de error debe fallar si el TOTP es inválido","status":"passed","title":"debe fallar si el TOTP es inválido","duration":0.24231800000001158,"failureMessages":[],"meta":{}},{"ancestorTitles":["CompleteScanUseCase (EJEMPLO)","límites y edge cases"],"fullName":"CompleteScanUseCase (EJEMPLO) límites y edge cases debe avanzar al siguiente round después de completar uno","status":"passed","title":"debe avanzar al siguiente round después de completar uno","duration":0.24554799999998522,"failureMessages":[],"meta":{}},{"ancestorTitles":["CompleteScanUseCase (EJEMPLO)","límites y edge cases"],"fullName":"CompleteScanUseCase (EJEMPLO) límites y edge cases debe completar el proceso después del último round","status":"passed","title":"debe completar el proceso después del último round","duration":0.230275000000006,"failureMessages":[],"meta":{}},{"ancestorTitles":["CompleteScanUseCase (EJEMPLO)","límites y edge cases"],"fullName":"CompleteScanUseCase (EJEMPLO) límites y edge cases debe reiniciar intentos al pasar de round","status":"passed","title":"debe reiniciar intentos al pasar de round","duration":0.222518000000008,"failureMessages":[],"meta":{}},{"ancestorTitles":["CompleteScanUseCase (EJEMPLO)","manejo de timestamps"],"fullName":"CompleteScanUseCase (EJEMPLO) manejo de timestamps debe rechazar QR muy antiguo","status":"passed","title":"debe rechazar QR muy antiguo","duration":0.23858699999999544,"failureMessages":[],"meta":{}},{"ancestorTitles":["CompleteScanUseCase (EJEMPLO)","manejo de timestamps"],"fullName":"CompleteScanUseCase (EJEMPLO) manejo de timestamps debe aceptar QR reciente","status":"passed","title":"debe aceptar QR reciente","duration":0.30577699999997776,"failureMessages":[],"meta":{}},{"ancestorTitles":["CompleteScanUseCase (EJEMPLO)","concurrencia y race conditions"],"fullName":"CompleteScanUseCase (EJEMPLO) concurrencia y race conditions debe manejar múltiples escaneos simultáneos del mismo estudiante","status":"passed","title":"debe manejar múltiples escaneos simultáneos del mismo estudiante","duration":0.22235400000002414,"failureMessages":[],"meta":{}},{"ancestorTitles":["CompleteScanUseCase (EJEMPLO)","limpieza de mocks"],"fullName":"CompleteScanUseCase (EJEMPLO) limpieza de mocks debe resetear correctamente todos los mocks","status":"passed","title":"debe resetear correctamente todos los mocks","duration":0.8228030000000217,"failureMessages":[],"meta":{}}],"startTime":1766116811012,"endTime":1766116811016.8228,"status":"passed","message":"","name":"/var/www/html/hawaii/asistencia/node-service/src/backend/shared/__tests__/example-usecase.test.ts"},{"assertionResults":[{"ancestorTitles":["ParticipationService","registerParticipation()"],"fullName":"ParticipationService registerParticipation() debería registrar nuevo estudiante y generar QR","status":"passed","title":"debería registrar nuevo estudiante y generar QR","duration":2.7848619999999897,"failureMessages":[],"meta":{}},{"ancestorTitles":["ParticipationService","registerParticipation()"],"fullName":"ParticipationService registerParticipation() debería rechazar si estudiante ya completó","status":"passed","title":"debería rechazar si estudiante ya completó","duration":0.4885150000000067,"failureMessages":[],"meta":{}},{"ancestorTitles":["ParticipationService","registerParticipation()"],"fullName":"ParticipationService registerParticipation() debería rechazar si estudiante está failed","status":"passed","title":"debería rechazar si estudiante está failed","duration":0.30580400000000907,"failureMessages":[],"meta":{}},{"ancestorTitles":["ParticipationService","registerParticipation()"],"fullName":"ParticipationService registerParticipation() debería retornar error si generateAndProject falla","status":"passed","title":"debería retornar error si generateAndProject falla","duration":4.422526999999988,"failureMessages":[],"meta":{}},{"ancestorTitles":["ParticipationService","requestNewQR()"],"fullName":"ParticipationService requestNewQR() debería retornar error si estudiante no está registrado","status":"passed","title":"debería retornar error si estudiante no está registrado","duration":0.3728200000000186,"failureMessages":[],"meta":{}},{"ancestorTitles":["ParticipationService","requestNewQR()"],"fullName":"ParticipationService requestNewQR() debería rechazar si estudiante completó","status":"passed","title":"debería rechazar si estudiante completó","duration":0.26995099999999184,"failureMessages":[],"meta":{}},{"ancestorTitles":["ParticipationService","requestNewQR()"],"fullName":"ParticipationService requestNewQR() debería rechazar si estudiante está failed","status":"passed","title":"debería rechazar si estudiante está failed","duration":0.2704599999999857,"failureMessages":[],"meta":{}},{"ancestorTitles":["ParticipationService","requestNewQR()"],"fullName":"ParticipationService requestNewQR() debería retornar QR existente si sigue válido","status":"passed","title":"debería retornar QR existente si sigue válido","duration":1.5976,"failureMessages":[],"meta":{}},{"ancestorTitles":["ParticipationService","requestNewQR()"],"fullName":"ParticipationService requestNewQR() debería generar nuevo QR si el anterior expiró","status":"passed","title":"debería generar nuevo QR si el anterior expiró","duration":0.3814439999999877,"failureMessages":[],"meta":{}},{"ancestorTitles":["ParticipationService","requestNewQR()"],"fullName":"ParticipationService requestNewQR() debería rechazar si QR expiró y no quedan intentos","status":"passed","title":"debería rechazar si QR expiró y no quedan intentos","duration":0.22321300000001543,"failureMessages":[],"meta":{}},{"ancestorTitles":["ParticipationService","requestNewQR()"],"fullName":"ParticipationService requestNewQR() debería manejar errores internos","status":"passed","title":"debería manejar errores internos","duration":0.34593900000001554,"failureMessages":[],"meta":{}},{"ancestorTitles":["ParticipationService","getStatus()"],"fullName":"ParticipationService getStatus() debería retornar registered=false si estudiante no existe","status":"passed","title":"debería retornar registered=false si estudiante no existe","duration":0.2586510000000146,"failureMessages":[],"meta":{}},{"ancestorTitles":["ParticipationService","getStatus()"],"fullName":"ParticipationService getStatus() debería retornar estado completo con QR activo","status":"passed","title":"debería retornar estado completo con QR activo","duration":0.3514989999999898,"failureMessages":[],"meta":{}},{"ancestorTitles":["ParticipationService","getStatus()"],"fullName":"ParticipationService getStatus() debería retornar estado sin QR si no hay activo","status":"passed","title":"debería retornar estado sin QR si no hay activo","duration":0.21746899999999414,"failureMessages":[],"meta":{}},{"ancestorTitles":["ParticipationService","getStatus()"],"fullName":"ParticipationService getStatus() debería retornar estado completed","status":"passed","title":"debería retornar estado completed","duration":0.24140300000001957,"failureMessages":[],"meta":{}},{"ancestorTitles":["ParticipationService","getStatus()"],"fullName":"ParticipationService getStatus() debería ignorar QR consumido","status":"passed","title":"debería ignorar QR consumido","duration":0.1995499999999879,"failureMessages":[],"meta":{}}],"startTime":1766116808298,"endTime":1766116808311.2415,"status":"passed","message":"","name":"/var/www/html/hawaii/asistencia/node-service/src/backend/attendance/application/__tests__/participation.service.test.ts"},{"assertionResults":[{"ancestorTitles":["StudentSessionRepository","registerStudent()"],"fullName":"StudentSessionRepository registerStudent() debería crear estado inicial para nuevo estudiante","status":"passed","title":"debería crear estado inicial para nuevo estudiante","duration":3.140367999999995,"failureMessages":[],"meta":{}},{"ancestorTitles":["StudentSessionRepository","registerStudent()"],"fullName":"StudentSessionRepository registerStudent() debería retornar estado existente si estudiante ya está registrado","status":"passed","title":"debería retornar estado existente si estudiante ya está regist
[...]
e":"debería validar payload correcto","duration":0.17616599999999494,"failureMessages":[],"meta":{}},{"ancestorTitles":["PayloadBuilder","isValidPayload()"],"fullName":"PayloadBuilder isValidPayload() debería rechazar payload sin versión","status":"passed","title":"debería rechazar payload sin versión","duration":0.1281759999999963,"failureMessages":[],"meta":{}},{"ancestorTitles":["PayloadBuilder","isValidPayload()"],"fullName":"PayloadBuilder isValidPayload() debería rechazar payload con versión incorrecta","status":"passed","title":"debería rechazar payload con versión incorrecta","duration":0.12043300000000556,"failureMessages":[],"meta":{}},{"ancestorTitles":["PayloadBuilder","isValidPayload()"],"fullName":"PayloadBuilder isValidPayload() debería rechazar payload sin sid","status":"passed","title":"debería rechazar payload sin sid","duration":0.12488700000000108,"failureMessages":[],"meta":{}},{"ancestorTitles":["PayloadBuilder","isValidPayload()"],"fullName":"PayloadBuilder isValidPayload() debería rechazar payload null","status":"passed","title":"debería rechazar payload null","duration":0.1201549999999969,"failureMessages":[],"meta":{}},{"ancestorTitles":["PayloadBuilder","isValidPayload()"],"fullName":"PayloadBuilder isValidPayload() debería rechazar payload undefined","status":"passed","title":"debería rechazar payload undefined","duration":0.10985999999999763,"failureMessages":[],"meta":{}},{"ancestorTitles":["PayloadBuilder","isValidPayload()"],"fullName":"PayloadBuilder isValidPayload() debería rechazar payload con tipo incorrecto","status":"passed","title":"debería rechazar payload con tipo incorrecto","duration":0.10754199999999514,"failureMessages":[],"meta":{}},{"ancestorTitles":["PayloadBuilder","toJsonString()"],"fullName":"PayloadBuilder toJsonString() debería serializar payload a JSON string","status":"passed","title":"debería serializar payload a JSON string","duration":0.13321600000000444,"failureMessages":[],"meta":{}},{"ancestorTitles":["PayloadBuilder","toJsonString()"],"fullName":"PayloadBuilder toJsonString() debería serializar payload fake (uid=0)","status":"passed","title":"debería serializar payload fake (uid=0)","duration":0.1556990000000127,"failureMessages":[],"meta":{}},{"ancestorTitles":["PayloadBuilder","fromJsonString()"],"fullName":"PayloadBuilder fromJsonString() debería deserializar JSON string válido","status":"passed","title":"debería deserializar JSON string válido","duration":0.15431499999999687,"failureMessages":[],"meta":{}},{"ancestorTitles":["PayloadBuilder","fromJsonString()"],"fullName":"PayloadBuilder fromJsonString() debería retornar null si JSON inválido","status":"passed","title":"debería retornar null si JSON inválido","duration":0.151362000000006,"failureMessages":[],"meta":{}},{"ancestorTitles":["PayloadBuilder","fromJsonString()"],"fullName":"PayloadBuilder fromJsonString() debería retornar null si estructura incorrecta","status":"passed","title":"debería retornar null si estructura incorrecta","duration":0.11730900000000588,"failureMessages":[],"meta":{}},{"ancestorTitles":["PayloadBuilder","fromJsonString()"],"fullName":"PayloadBuilder fromJsonString() debería retornar null si falta campo requerido","status":"passed","title":"debería retornar null si falta campo requerido","duration":0.11582200000000853,"failureMessages":[],"meta":{}},{"ancestorTitles":["PayloadBuilder","fromJsonString()"],"fullName":"PayloadBuilder fromJsonString() debería manejar whitespace en JSON","status":"passed","title":"debería manejar whitespace en JSON","duration":0.14978100000000438,"failureMessages":[],"meta":{}},{"ancestorTitles":["PayloadBuilder","Integración buildStudentPayload() + toJsonString() + fromJsonString()"],"fullName":"PayloadBuilder Integración buildStudentPayload() + toJsonString() + fromJsonString() debería serializar y deserializar correctamente","status":"passed","title":"debería serializar y deserializar correctamente","duration":0.20159100000000763,"failureMessages":[],"meta":{}},{"ancestorTitles":["PayloadBuilder","Integración buildFakePayload() + serialización"],"fullName":"PayloadBuilder Integración buildFakePayload() + serialización debería mantener uid=0 después de serialización","status":"passed","title":"debería mantener uid=0 después de serialización","duration":0.1577520000000021,"failureMessages":[],"meta":{}}],"startTime":1766116810229,"endTime":1766116810236.1577,"status":"passed","message":"","name":"/var/www/html/hawaii/asistencia/node-service/src/backend/qr-projection/domain/services/__tests__/payload-builder.service.test.ts"},{"assertionResults":[{"ancestorTitles":["LoginEcdhUseCase","Casos de error"],"fullName":"LoginEcdhUseCase Casos de error debe lanzar error DEVICE_NOT_FOUND si dispositivo no existe","status":"passed","title":"debe lanzar error DEVICE_NOT_FOUND si dispositivo no existe","duration":2.008326999999994,"failureMessages":[],"meta":{}},{"ancestorTitles":["LoginEcdhUseCase","Casos de error"],"fullName":"LoginEcdhUseCase Casos de error debe lanzar error DEVICE_NOT_OWNED si dispositivo pertenece a otro usuario","status":"passed","title":"debe lanzar error DEVICE_NOT_OWNED si dispositivo pertenece a otro usuario","duration":0.3769489999999962,"failureMessages":[],"meta":{}},{"ancestorTitles":["LoginEcdhUseCase","Casos de error"],"fullName":"LoginEcdhUseCase Casos de error debe manejar correctamente comparación de userId cuando device.userId es string","status":"passed","title":"debe manejar correctamente comparación de userId cuando device.userId es string","duration":0.3997279999999961,"failureMessages":[],"meta":{}},{"ancestorTitles":["LoginEcdhUseCase","Casos de error"],"fullName":"LoginEcdhUseCase Casos de error debe lanzar error SESSION_NOT_ALLOWED si dispositivo está revocado","status":"passed","title":"debe lanzar error SESSION_NOT_ALLOWED si dispositivo está revocado","duration":0.29403500000000804,"failureMessages":[],"meta":{}},{"ancestorTitles":["LoginEcdhUseCase","Casos de error"],"fullName":"LoginEcdhUseCase Casos de error debe lanzar error SESSION_NOT_ALLOWED si dispositivo está pending","status":"passed","title":"debe lanzar error SESSION_NOT_ALLOWED si dispositivo está pending","duration":0.2834789999999998,"failureMessages":[],"meta":{}},{"ancestorTitles":["LoginEcdhUseCase","Flujo exitoso"],"fullName":"LoginEcdhUseCase Flujo exitoso debe derivar session_key con HKDF incluyendo credentialId","status":"passed","title":"debe derivar session_key con HKDF incluyendo credentialId","duration":1.7459069999999883,"failureMessages":[],"meta":{}},{"ancestorTitles":["LoginEcdhUseCase","Flujo exitoso"],"fullName":"LoginEcdhUseCase Flujo exitoso debe guardar session_key en Valkey con TTL de 7200 segundos (2 horas)","status":"passed","title":"debe guardar session_key en Valkey con TTL de 7200 segundos (2 horas)","duration":0.9036740000000094,"failureMessages":[],"meta":{}},{"ancestorTitles":["LoginEcdhUseCase","Flujo exitoso"],"fullName":"LoginEcdhUseCase Flujo exitoso debe generar TOTPu con handshake_secret del dispositivo","status":"passed","title":"debe generar TOTPu con handshake_secret del dispositivo","duration":0.31149399999999616,"failureMessages":[],"meta":{}},{"ancestorTitles":["LoginEcdhUseCase","Flujo exitoso"],"fullName":"LoginEcdhUseCase Flujo exitoso debe actualizar last_used_at del dispositivo","status":"passed","title":"debe actualizar last_used_at del dispositivo","duration":0.2616390000000024,"failureMessages":[],"meta":{}},{"ancestorTitles":["LoginEcdhUseCase","Flujo exitoso"],"fullName":"LoginEcdhUseCase Flujo exitoso debe retornar serverPublicKey, TOTPu y deviceId","status":"passed","title":"debe retornar serverPublicKey, TOTPu y deviceId","duration":0.28971099999999694,"failureMessages":[],"meta":{}},{"ancestorTitles":["LoginEcdhUseCase","Flujo exitoso"],"fullName":"LoginEcdhUseCase Flujo exitoso debe vincular session_key al dispositivo específico (1:1)","status":"passed","title":"debe vincular session_key al dispositivo específico (1:1)","duration":0.27234199999999475,"failureMessages":[],"meta":{}},{"ancestorTitles":["LoginEcdhUseCase","Integracion ECDH + HKDF"],"fullName":"LoginEcdhUseCase Integracion ECDH + HKDF debe usar sharedSecret de ECDH como input para HKDF","status":"passed","title":"debe usar sharedSecret de ECDH como input para HKDF","duration":0.6671300000000002,"failureMessages":[],"meta":{}},{"ancestorTitles":["LoginEcdhUseCase","Integracion ECDH + HKDF"],"fullName":"LoginEcdhUseCase Integracion ECDH + HKDF debe derivar session_keys diferentes para diferentes credentialId (binding)","status":"passed","title":"debe derivar session_keys diferentes para diferentes credentialId (binding)","duration":0.4310870000000051,"failureMessages":[],"meta":{}},{"ancestorTitles":["LoginEcdhUseCase","Validacion de estado del dispositivo"],"fullName":"LoginEcdhUseCase Validacion de estado del dispositivo debe permitir login solo si dispositivo está enrolled","status":"passed","title":"debe permitir login solo si dispositivo está enrolled","duration":1.0342210000000023,"failureMessages":[],"meta":{}},{"ancestorTitles":["LoginEcdhUseCase","Validacion de estado del dispositivo"],"fullName":"LoginEcdhUseCase Validacion de estado del dispositivo debe rechazar login si dispositivo no está en estado válido","status":"passed","title":"debe rechazar login si dispositivo no está en estado válido","duration":0.42151900000000353,"failureMessages":[],"meta":{}},{"ancestorTitles":["LoginEcdhUseCase","Manejo de timestamps"],"fullName":"LoginEcdhUseCase Manejo de timestamps debe incluir createdAt en session_key guardada","status":"passed","title":"debe incluir createdAt en session_key guardada","duration":0.2635630000000049,"failureMessages":[],"meta":{}}],"startTime":1766116811994,"endTime":1766116812004.4216,"status":"passed","message":"","name":"/var/www/html/hawaii/asistencia/node-service/src/backend/session/application/use-cases/__tests__/login-ecdh.use-case.test.ts"},{"assertionResults":[{"ancestorTitles":["SessionKeyRepository - Tests Críticos de Persistencia","save() - Guardar session_key"],"fullName":"SessionKeyRepository - Tests Críticos de Persistencia save() - Guardar session_key Debe guardar session_key en Valkey con TTL por defecto (7200s)","status":"passed","title":"Debe guardar session_key en Valkey con TTL por defecto (7200s)","duration":2.4729500000000115,"failureMessages":[],"meta":{}},{"ancestorTitles":["SessionKeyRepository - Tests Críticos de Persistencia","save() - Guardar session_key"],"fullName":"SessionKeyRepository - Tests Críticos de Persistencia save() - Guardar session_key Debe guardar session_key con TTL personalizado","status":"passed","title":"Debe guardar session_key con TTL personalizado","duration":0.3446749999999952,"failureMessages":[],"meta":{}},{"ancestorTitles":["SessionKeyRepository - Tests Críticos de Persistencia","save() - Guardar session_key"],"fullName":"SessionKeyRepository - Tests Críticos de Persistencia save() - Guardar session_key Debe serializar Buffer sessionKey como base64","status":"passed","title":"Debe serializar Buffer sessionKey como base64","duration":0.2587469999999996,"failureMessages":[],"meta":{}},{"ancestorTitles":["SessionKeyRepository - Tests Críticos de Persistencia","save() - Guardar session_key"],"fullName":"SessionKeyRepository - Tests Críticos de Persistencia save() - Guardar session_key Debe sobrescribir session_key existente (re-login)","status":"passed","title":"Debe sobrescribir session_key existente (re-login)","duration":0.2958730000000003,"failureMessages":[],"meta":{}},{"ancestorTitles":["SessionKeyRepository - Tests Críticos de Persistencia","findByUserId() - Buscar session_key"],"fullName":"SessionKeyRepository - Tests Críticos de Persistencia findByUserId() - Buscar session_key Debe retornar session_key cuando existe","status":"passed","title":"Debe retornar session_key cuando existe","duration":0.45543499999999426,"failureMessages":[],"meta":{}},{"ancestorTitles":["SessionKeyRepository - Tests Críticos de Persistencia","findByUserId() - Buscar session_key"],"fullName":"SessionKeyRepository - Tests Críticos de Persistencia findByUserId() - Buscar session_key Debe retornar null cuando no existe session_key","status":"passed","title":"Debe retornar null cuando no existe session_key","duration":0.23014500000000737,"failureMessages":[],"meta":{}},{"ancestorTitles":["SessionKeyRepository - Tests Críticos de Persistencia","findByUserId() - Buscar session_key"],"fullName":"SessionKeyRepository - Tests Críticos de Persistencia findByUserId() - Buscar session_key Debe deserializar correctamente números desde strings","status":"passed","title":"Debe deserializar correctamente números desde strings","duration":0.38042399999999077,"failureMessages":[],"meta":{}},{"ancestorTitles":["SessionKeyRepository - Tests Críticos de Persistencia","findByUserId() - Buscar session_key"],"fullName":"SessionKeyRepository - Tests Críticos de Persistencia findByUserId() - Buscar session_key Debe reconstruir Buffer desde base64 correctamente","status":"passed","title":"Debe reconstruir Buffer desde base64 correctamente","duration":0.3115010000000069,"failureMessages":[],"meta":{}},{"ancestorTitles":["SessionKeyRepository - Tests Críticos de Persistencia","delete() - Eliminar session_key"],"fullName":"SessionKeyRepository - Tests Críticos de Persistencia delete() - Eliminar session_key Debe eliminar session_key de Valkey","status":"passed","title":"Debe eliminar session_key de Valkey","duration":0.23445199999999033,"failureMessages":[],"meta":{}},{"ancestorTitles":["SessionKeyRepository - Tests Críticos de Persistencia","delete() - Eliminar session_key"],"fullName":"SessionKeyRepository - Tests Críticos de Persistencia delete() - Eliminar session_key Debe manejar eliminación de key inexistente sin error","status":"passed","title":"Debe manejar eliminación de key inexistente sin error","duration":0.6910689999999988,"failureMessages":[],"meta":{}},{"ancestorTitles":["SessionKeyRepository - Tests Críticos de Persistencia","buildKey() - Construcción de keys"],"fullName":"SessionKeyRepository - Tests Críticos de Persistencia buildKey() - Construcción de keys Debe construir key con formato correcto","status":"passed","title":"Debe construir key con formato correcto","duration":0.289203999999998,"failureMessages":[],"meta":{}},{"ancestorTitles":["SessionKeyRepository - Tests Críticos de Persistencia","buildKey() - Construcción de keys"],"fullName":"SessionKeyRepository - Tests Críticos de Persistencia buildKey() - Construcción de keys Debe generar keys únicas para diferentes usuarios","status":"passed","title":"Debe generar keys únicas para diferentes usuarios","duration":0.38970199999999977,"failureMessages":[],"meta":{}},{"ancestorTitles":["SessionKeyRepository - Tests Críticos de Persistencia","Flujo completo: save -> find -> delete"],"fullName":"SessionKeyRepository - Tests Críticos de Persistencia Flujo completo: save -> find -> delete Debe completar ciclo de vida de session_key","status":"passed","title":"Debe completar ciclo de vida de session_key","duration":0.3627609999999919,"failureMessages":[],"meta":{}}],"startTime":1766116809659,"endTime":1766116809666.3896,"status":"passed","message":"","name":"/var/www/html/hawaii/asistencia/node-service/src/backend/session/infrastructure/repositories/__tests__/session-key.repository.test.ts"},{"assertionResults":[{"ancestorTitles":["DecryptStage","Desencriptación con session_key del estudiante"],"fullName":"DecryptStage Desencriptación con session_key del estudiante usa session_key real cuando existe en Valkey","status":"passed","title":"usa session_key real cuando existe en Valkey","duration":2.895001999999991,"failureMessages":[],"meta":{}},{"ancestorTitles":["DecryptStage","Desencriptación con session_key del estudiante"],"fullName":"DecryptStage Desencriptación con session_key del estudiante desencripta correctamente StudentResponse con session_key real","status":"passed","title":"desencripta correctamente StudentResponse con session_key real","duration":0.44503200000001186,"failureMessages":[],"meta":{}},{"ancestorTitles":["DecryptStage","Fallback a mock key cuando no existe session_key"],"fullName":"DecryptStage Fallback a mock key cuando no existe session_key usa fallbackAesGcmService cuando no hay session_key en Valkey","status":"passed","title":"usa fallbackAesGcmService cuando no hay session_key en Valkey","duration":0.372320000000002,"failureMessages":[],"meta":{}},{"ancestorTitles":["DecryptStage","Fallback a mock key cuando no existe session_key"],"fullName":"DecryptStage Fallback a mock key cuando no existe session_key desencripta correctamente con fallback en modo desarrollo","status":"passed","title":"desencripta correctamente con fallback en modo desarrollo","duration":0.3207139999999953,"failureMessages":[],"meta":{}},{"ancestorTitles":["DecryptStage","Manejo de errores de formato y desencriptación"],"fullName":"DecryptStage Manejo de errores de formato y desencriptación retorna error INVALID_FORMAT si el payload no es válido","status":"passed","title":"retorna error INVALID_FORMAT si el payload no es válido","duration":0.24942099999999812,"failureMessages":[],"meta":{}},{"ancestorTitles":["DecryptStage","Manejo de errores de formato y desencriptación"],"fullName":"DecryptStage Manejo de errores de formato y desencriptación retorna error DECRYPTION_FAILED si no puede desencriptar","status":"passed","title":"retorna error DECRYPTION_FAILED si no puede desencriptar","duration":0.37858900000000517,"failureMessages":[],"meta":{}},{"ancestorTitles":["DecryptStage","Manejo de errores de formato y desencriptación"],"fullName":"DecryptStage Manejo de errores de formato y desencriptación retorna error DECRYPTION_FAILED si el JSON no es parseable","status":"passed","title":"retorna error DECRYPTION_FAILED si el JSON no es parseable","duration":0.3163030000000049,"failureMessages":[],"meta":{}},{"ancestorTitles":["DecryptStage","STUB_MODE: conversión de QRPayloadV1 a StudentResponse"],"fullName":"DecryptStage STUB_MODE: conversión de QRPayloadV1 a StudentResponse convierte QRPayloadV1 del servidor a StudentResponse en STUB_MODE","status":"passed","title":"convierte QRPayloadV1 del servidor a StudentResponse en STUB_MODE","duration":0.47406499999999596,"failureMessages":[],"meta":{}},{"ancestorTitles":["DecryptStage","STUB_MODE: conversión de QRPayloadV1 a StudentResponse"],"fullName":"DecryptStage STUB_MODE: conversión de QRPayloadV1 a StudentResponse procesa StudentResponse normal en STUB_MODE sin conversión","status":"passed","title":"procesa StudentResponse normal en STUB_MODE sin conversión","duration":0.35294299999999623,"failureMessages":[],"meta":{}},{"ancestorTitles":["DecryptStage","STUB_MODE: conversión de QRPayloadV1 a StudentResponse"],"fullName":"DecryptStage STUB_MODE: conversión de QRPayloadV1 a StudentResponse solo convierte a StudentResponse si el payload es QRPayloadV1 válido","status":"passed","title":"solo convierte a StudentResponse si el payload es QRPayloadV1 válido","duration":0.34353400000000534,"failureMessages":[],"meta":{}},{"ancestorTitles":["DecryptStage","Integración con SessionKeyQuery"],"fullName":"DecryptStage Integración con SessionKeyQuery llama findByUserId con el studentId correcto","status":"passed","title":"llama findByUserId con el studentId correcto","duration":0.3375479999999982,"failureMessages":[],"meta":{}},{"ancestorTitles":["DecryptStage","Integración con SessionKeyQuery"],"fullName":"DecryptStage Integración con SessionKeyQuery crea nueva instancia de AesGcmService con session_key específica","status":"passed","title":"crea nueva instancia de AesGcmService con session_key específica","duration":0.341116999999997,"failureMessages":[],"meta":{}}],"startTime":1766116808735,"endTime":1766116808742.341,"status":"passed","message":"","name":"/var/www/html/hawaii/asistencia/node-service/src/backend/attendance/domain/validation-pipeline/stages/__tests__/decrypt.stage.test.ts"}]}